#
# There is insufficient memory for the Java Runtime Environment to continue.
# Native memory allocation (malloc) failed to allocate 284416 bytes for Chunk::new
# Possible reasons:
#   The system is out of physical RAM or swap space
#   The process is running with CompressedOops enabled, and the Java Heap may be blocking the growth of the native heap
# Possible solutions:
#   Reduce memory load on the system
#   Increase physical memory or swap space
#   Check if swap backing store is full
#   Decrease Java heap size (-Xmx/-Xms)
#   Decrease number of Java threads
#   Decrease Java thread stack sizes (-Xss)
#   Set larger code cache with -XX:ReservedCodeCacheSize=
#   JVM is running with Unscaled Compressed Oops mode in which the Java heap is
#     placed in the first 4GB address space. The Java Heap base address is the
#     maximum limit for the native heap growth. Please use -XX:HeapBaseMinAddress
#     to set the Java Heap base and to place the Java Heap above 4GB virtual address.
# This output file may be truncated or incomplete.
#
#  Out of Memory Error (arena.cpp:189), pid=8320, tid=8296
#
# JRE version: OpenJDK Runtime Environment Temurin-17.0.5+8 (17.0.5+8) (build 17.0.5+8)
# Java VM: OpenJDK 64-Bit Server VM Temurin-17.0.5+8 (17.0.5+8, mixed mode, tiered, compressed oops, compressed class ptrs, parallel gc, windows-amd64)
# No core dump will be written. Minidumps are not enabled by default on client versions of Windows
#

---------------  S U M M A R Y ------------

Command Line: --add-modules=ALL-SYSTEM --add-opens=java.base/java.util=ALL-UNNAMED --add-opens=java.base/java.lang=ALL-UNNAMED --add-opens=java.base/sun.nio.fs=ALL-UNNAMED -Declipse.application=org.eclipse.jdt.ls.core.id1 -Dosgi.bundles.defaultStartLevel=4 -Declipse.product=org.eclipse.jdt.ls.core.product -Djava.import.generatesMetadataFilesAtProjectRoot=false -Dfile.encoding=utf8 -XX:+UseParallelGC -XX:GCTimeRatio=4 -XX:AdaptiveSizePolicyWeight=90 -Dsun.zip.disableMemoryMapping=true -Xmx1G -Xms100m -Xlog:disable -javaagent:c:\Users\vpish\.vscode\extensions\redhat.java-1.13.0-win32-x64\lombok\lombok-1.18.24.jar -XX:+HeapDumpOnOutOfMemoryError -XX:HeapDumpPath=c:\Users\vpish\AppData\Roaming\Code\User\workspaceStorage\616f2b40017915f20f112693b8f9ba74\redhat.java c:\Users\vpish\.vscode\extensions\redhat.java-1.13.0-win32-x64\server\plugins\org.eclipse.equinox.launcher_1.6.400.v20210924-0641.jar -configuration c:\Users\vpish\AppData\Roaming\Code\User\globalStorage\redhat.java\1.13.0\config_win -data c:\Users\vpish\AppData\Roaming\Code\User\workspaceStorage\616f2b40017915f20f112693b8f9ba74\redhat.java\jdt_ws

Host: AMD Ryzen 5 4600H with Radeon Graphics         , 12 cores, 7G,  Windows 11 , 64 bit Build 22621 (10.0.22621.963)
Time: Wed Dec 14 12:55:45 2022 Belarus Standard Time elapsed time: 0.620282 seconds (0d 0h 0m 0s)

---------------  T H R E A D  ---------------

Current thread (0x00000218f7ab1240):  JavaThread "C2 CompilerThread0" daemon [_thread_in_native, id=8296, stack(0x0000005949a00000,0x0000005949b00000)]


Current CompileTask:
C2:    620  617       4       lombok.patcher.PatchScript::classMatches (41 bytes)

Stack: [0x0000005949a00000,0x0000005949b00000]
Native frames: (J=compiled Java code, j=interpreted, Vv=VM code, C=native code)
V  [jvm.dll+0x676b3a]
V  [jvm.dll+0x831444]
V  [jvm.dll+0x832bee]
V  [jvm.dll+0x833253]
V  [jvm.dll+0x244ce5]
V  [jvm.dll+0xabbac]
V  [jvm.dll+0xac17c]
V  [jvm.dll+0x2abd2f]
V  [jvm.dll+0x57d517]
V  [jvm.dll+0x21fd72]
V  [jvm.dll+0x22014f]
V  [jvm.dll+0x2199a5]
V  [jvm.dll+0x216e6b]
V  [jvm.dll+0x1a343d]
V  [jvm.dll+0x22698a]
V  [jvm.dll+0x224ac5]
V  [jvm.dll+0x7e727b]
V  [jvm.dll+0x7e17ea]
V  [jvm.dll+0x6759e5]
C  [ucrtbase.dll+0x29363]
C  [KERNEL32.DLL+0x126bd]
C  [ntdll.dll+0x5dfb8]


---------------  P R O C E S S  ---------------

Threads class SMR info:
_java_thread_list=0x00000218f7ddcf30, length=12, elements={
0x00000218ef16e840, 0x00000218f5f4e7c0, 0x00000218f7a79720, 0x00000218f7aa1020,
0x00000218f7aa38f0, 0x00000218f7aa41b0, 0x00000218f7ab0650, 0x00000218f7ab1240,
0x00000218f7ab2c00, 0x00000218f7ac41e0, 0x00000218ef1cfc10, 0x00000218f7de3540
}

Java Threads: ( => current thread )
  0x00000218ef16e840 JavaThread "main" [_thread_in_native, id=4720, stack(0x0000005949100000,0x0000005949200000)]
  0x00000218f5f4e7c0 JavaThread "Reference Handler" daemon [_thread_blocked, id=4940, stack(0x0000005949400000,0x0000005949500000)]
  0x00000218f7a79720 JavaThread "Finalizer" daemon [_thread_blocked, id=4972, stack(0x0000005949500000,0x0000005949600000)]
  0x00000218f7aa1020 JavaThread "Signal Dispatcher" daemon [_thread_blocked, id=2924, stack(0x0000005949600000,0x0000005949700000)]
  0x00000218f7aa38f0 JavaThread "Attach Listener" daemon [_thread_blocked, id=4944, stack(0x0000005949700000,0x0000005949800000)]
  0x00000218f7aa41b0 JavaThread "Service Thread" daemon [_thread_blocked, id=10804, stack(0x0000005949800000,0x0000005949900000)]
  0x00000218f7ab0650 JavaThread "Monitor Deflation Thread" daemon [_thread_blocked, id=7832, stack(0x0000005949900000,0x0000005949a00000)]
=>0x00000218f7ab1240 JavaThread "C2 CompilerThread0" daemon [_thread_in_native, id=8296, stack(0x0000005949a00000,0x0000005949b00000)]
  0x00000218f7ab2c00 JavaThread "C1 CompilerThread0" daemon [_thread_blocked, id=3364, stack(0x0000005949b00000,0x0000005949c00000)]
  0x00000218f7ac41e0 JavaThread "Sweeper thread" daemon [_thread_blocked, id=7616, stack(0x0000005949c00000,0x0000005949d00000)]
  0x00000218ef1cfc10 JavaThread "Common-Cleaner" daemon [_thread_blocked, id=2172, stack(0x0000005949d00000,0x0000005949e00000)]
  0x00000218f7de3540 JavaThread "Notification Thread" daemon [_thread_blocked, id=12220, stack(0x0000005949e00000,0x0000005949f00000)]

Other Threads:
  0x00000218ef2279a0 VMThread "VM Thread" [stack: 0x0000005949300000,0x0000005949400000] [id=10860]
  0x00000218f7de3a10 WatcherThread [stack: 0x0000005949f00000,0x000000594a000000] [id=13236]
  0x00000218ef1834c0 GCTaskThread "GC Thread#0" [stack: 0x0000005949200000,0x0000005949300000] [id=12636]

Threads with active compile tasks:
C2 CompilerThread0      648  617       4       lombok.patcher.PatchScript::classMatches (41 bytes)

VM state: not at safepoint (normal execution)

VM Mutex/Monitor currently owned by a thread: None

Heap address: 0x00000000c0000000, size: 1024 MB, Compressed Oops mode: 32-bit

CDS archive(s) not mapped
Compressed class space mapped at: 0x0000000100000000-0x0000000140000000, reserved size: 1073741824
Narrow klass base: 0x0000000000000000, Narrow klass shift: 3, Narrow klass range: 0x140000000

GC Precious Log:
 CPUs: 12 total, 12 available
 Memory: 7541M
 Large Page Support: Disabled
 NUMA Support: Disabled
 Compressed Oops: Enabled (32-bit)
 Alignments: Space 512K, Generation 512K, Heap 2M
 Heap Min Capacity: 100M
 Heap Initial Capacity: 100M
 Heap Max Capacity: 1G
 Pre-touch: Disabled
 Parallel Workers: 10

Heap:
 PSYoungGen      total 29696K, used 15209K [0x00000000eab00000, 0x00000000ecc00000, 0x0000000100000000)
  eden space 25600K, 59% used [0x00000000eab00000,0x00000000eb9da608,0x00000000ec400000)
  from space 4096K, 0% used [0x00000000ec800000,0x00000000ec800000,0x00000000ecc00000)
  to   space 4096K, 0% used [0x00000000ec400000,0x00000000ec400000,0x00000000ec800000)
 ParOldGen       total 68608K, used 0K [0x00000000c0000000, 0x00000000c4300000, 0x00000000eab00000)
  object space 68608K, 0% used [0x00000000c0000000,0x00000000c0000000,0x00000000c4300000)
 Metaspace       used 9312K, committed 9472K, reserved 1064960K
  class space    used 932K, committed 1024K, reserved 1048576K

Card table byte_map: [0x00000218f37c0000,0x00000218f39d0000] _byte_map_base: 0x00000218f31c0000

Marking Bits: (ParMarkBitMap*) 0x00007ffc8de90dd0
 Begin Bits: [0x00000218f3b30000, 0x00000218f4b30000)
 End Bits:   [0x00000218f4b30000, 0x00000218f5b30000)

Polling page: 0x00000218ef230000

Metaspace:

Usage:
  Non-class:      8.19 MB used.
      Class:    932.67 KB used.
       Both:      9.10 MB used.

Virtual space:
  Non-class space:       16.00 MB reserved,       8.25 MB ( 52%) committed,  2 nodes.
      Class space:        1.00 GB reserved,       1.00 MB ( <1%) committed,  1 nodes.
             Both:        1.02 GB reserved,       9.25 MB ( <1%) committed. 

Chunk freelists:
   Non-Class:  2.91 MB
       Class:  3.02 MB
        Both:  5.93 MB

MaxMetaspaceSize: unlimited
CompressedClassSpaceSize: 1.00 GB
Initial GC threshold: 21.00 MB
Current GC threshold: 21.00 MB
CDS: off
MetaspaceReclaimPolicy: balanced
 - commit_granule_bytes: 65536.
 - commit_granule_words: 8192.
 - virtual_space_node_default_size: 1048576.
 - enlarge_chunks_in_place: 1.
 - new_chunks_are_fully_committed: 0.
 - uncommit_free_chunks: 1.
 - use_allocation_guard: 0.
 - handle_deallocations: 1.


Internal statistics:

num_allocs_failed_limit: 0.
num_arena_births: 12.
num_arena_deaths: 0.
num_vsnodes_births: 3.
num_vsnodes_deaths: 0.
num_space_committed: 148.
num_space_uncommitted: 0.
num_chunks_returned_to_freelist: 0.
num_chunks_taken_from_freelist: 49.
num_chunk_merges: 0.
num_chunk_splits: 24.
num_chunks_enlarged: 19.
num_purges: 0.
num_inconsistent_stats: 0.

CodeHeap 'non-profiled nmethods': size=120000Kb used=193Kb max_used=193Kb free=119806Kb
 bounds [0x0000021887ad0000, 0x0000021887d40000, 0x000002188f000000]
CodeHeap 'profiled nmethods': size=120000Kb used=1053Kb max_used=1053Kb free=118947Kb
 bounds [0x00000218805a0000, 0x0000021880810000, 0x0000021887ad0000]
CodeHeap 'non-nmethods': size=5760Kb used=1132Kb max_used=1146Kb free=4627Kb
 bounds [0x0000021880000000, 0x0000021880270000, 0x00000218805a0000]
 total_blobs=1075 nmethods=655 adapters=335
 compilation: enabled
              stopped_count=0, restarted_count=0
 full_count=0

Compilation events (20 events):
Event: 0.611 Thread 0x00000218f7ab2c00 nmethod 628 0x000002188068f210 code [0x000002188068f400, 0x000002188068f848]
Event: 0.611 Thread 0x00000218f7ab2c00  629       3       sun.security.provider.SHA2::implCompressCheck (27 bytes)
Event: 0.611 Thread 0x00000218f7ab2c00 nmethod 629 0x000002188068fa10 code [0x000002188068fbe0, 0x000002188068ff98]
Event: 0.612 Thread 0x00000218f7ab2c00  635       3       java.lang.ClassLoader::findLoadedClass (15 bytes)
Event: 0.612 Thread 0x00000218f7ab2c00 nmethod 635 0x0000021880690110 code [0x00000218806902c0, 0x00000218806904b8]
Event: 0.614 Thread 0x00000218f7ab2c00  637       1       java.lang.Module::getDescriptor (5 bytes)
Event: 0.614 Thread 0x00000218f7ab2c00 nmethod 637 0x0000021887affd10 code [0x0000021887affea0, 0x0000021887afff78]
Event: 0.614 Thread 0x00000218f7ab2c00  638       1       java.util.Collections$EmptyIterator::hasNext (2 bytes)
Event: 0.614 Thread 0x00000218f7ab2c00 nmethod 638 0x0000021887b00010 code [0x0000021887b001a0, 0x0000021887b00278]
Event: 0.614 Thread 0x00000218f7ab2c00  639       3       jdk.internal.module.SystemModuleFinders$SystemImage::reader (4 bytes)
Event: 0.614 Thread 0x00000218f7ab2c00 nmethod 639 0x0000021880690590 code [0x0000021880690720, 0x0000021880690818]
Event: 0.614 Thread 0x00000218f7ab2c00  640       3       jdk.internal.jimage.ImageReader::requireOpen (18 bytes)
Event: 0.615 Thread 0x00000218f7ab2c00 nmethod 640 0x0000021880690890 code [0x0000021880690a40, 0x0000021880690c68]
Event: 0.615 Thread 0x00000218f7ab2c00  641       3       jdk.internal.loader.BuiltinClassLoader::moduleReaderFor (45 bytes)
Event: 0.615 Thread 0x00000218f7ab2c00 nmethod 641 0x0000021880690d90 code [0x0000021880690f80, 0x00000218806915b8]
Event: 0.615 Thread 0x00000218f7ab2c00  643       3       java.util.concurrent.ConcurrentHashMap$Traverser::advance (188 bytes)
Event: 0.615 Thread 0x00000218f7ab2c00 nmethod 643 0x0000021880691790 code [0x00000218806919c0, 0x00000218806924c8]
Event: 0.615 Thread 0x00000218f7ab2c00  642       3       java.util.Optional::empty (6 bytes)
Event: 0.616 Thread 0x00000218f7ab2c00 nmethod 642 0x0000021880692790 code [0x0000021880692920, 0x0000021880692a18]
Event: 0.616 Thread 0x00000218f7ab2c00  644 %     3       java.util.Properties$LineReader::readLine @ 53 (584 bytes)

GC Heap History (0 events):
No events

Dll operation events (8 events):
Event: 0.023 Loaded shared library c:\Users\vpish\.vscode\extensions\redhat.java-1.13.0-win32-x64\jre\17.0.5-win32-x86_64\bin\java.dll
Event: 0.202 Loaded shared library c:\Users\vpish\.vscode\extensions\redhat.java-1.13.0-win32-x64\jre\17.0.5-win32-x86_64\bin\zip.dll
Event: 0.205 Loaded shared library C:\Users\vpish\.vscode\extensions\redhat.java-1.13.0-win32-x64\jre\17.0.5-win32-x86_64\bin\instrument.dll
Event: 0.221 Loaded shared library C:\Users\vpish\.vscode\extensions\redhat.java-1.13.0-win32-x64\jre\17.0.5-win32-x86_64\bin\net.dll
Event: 0.224 Loaded shared library C:\Users\vpish\.vscode\extensions\redhat.java-1.13.0-win32-x64\jre\17.0.5-win32-x86_64\bin\nio.dll
Event: 0.234 Loaded shared library C:\Users\vpish\.vscode\extensions\redhat.java-1.13.0-win32-x64\jre\17.0.5-win32-x86_64\bin\zip.dll
Event: 0.253 Loaded shared library C:\Users\vpish\.vscode\extensions\redhat.java-1.13.0-win32-x64\jre\17.0.5-win32-x86_64\bin\jimage.dll
Event: 0.334 Loaded shared library c:\Users\vpish\.vscode\extensions\redhat.java-1.13.0-win32-x64\jre\17.0.5-win32-x86_64\bin\verify.dll

Deoptimization events (20 events):
Event: 0.526 Thread 0x00000218ef16e840 Uncommon trap: trap_request=0xffffffde fr.pc=0x0000021887af210c relative=0x00000000000001ec
Event: 0.526 Thread 0x00000218ef16e840 Uncommon trap: reason=class_check action=maybe_recompile pc=0x0000021887af210c method=java.util.Collections$UnmodifiableCollection$1.next()Ljava/lang/Object; @ 4 c2
Event: 0.526 Thread 0x00000218ef16e840 DEOPT PACKING pc=0x0000021887af210c sp=0x00000059491fc7c0
Event: 0.526 Thread 0x00000218ef16e840 DEOPT UNPACKING pc=0x00000218800520a3 sp=0x00000059491fc770 mode 2
Event: 0.532 Thread 0x00000218ef16e840 Uncommon trap: trap_request=0xffffffde fr.pc=0x0000021887af1ba4 relative=0x0000000000000104
Event: 0.532 Thread 0x00000218ef16e840 Uncommon trap: reason=class_check action=maybe_recompile pc=0x0000021887af1ba4 method=jdk.internal.misc.Unsafe.allocateUninitializedArray(Ljava/lang/Class;I)Ljava/lang/Object; @ 51 c2
Event: 0.532 Thread 0x00000218ef16e840 DEOPT PACKING pc=0x0000021887af1ba4 sp=0x00000059491fb550
Event: 0.532 Thread 0x00000218ef16e840 DEOPT UNPACKING pc=0x00000218800520a3 sp=0x00000059491fb4f0 mode 2
Event: 0.583 Thread 0x00000218ef16e840 Uncommon trap: trap_request=0xffffffde fr.pc=0x0000021887af1ba4 relative=0x0000000000000104
Event: 0.583 Thread 0x00000218ef16e840 Uncommon trap: reason=class_check action=maybe_recompile pc=0x0000021887af1ba4 method=jdk.internal.misc.Unsafe.allocateUninitializedArray(Ljava/lang/Class;I)Ljava/lang/Object; @ 51 c2
Event: 0.583 Thread 0x00000218ef16e840 DEOPT PACKING pc=0x0000021887af1ba4 sp=0x00000059491fdba0
Event: 0.583 Thread 0x00000218ef16e840 DEOPT UNPACKING pc=0x00000218800520a3 sp=0x00000059491fdb40 mode 2
Event: 0.583 Thread 0x00000218ef16e840 Uncommon trap: trap_request=0xffffffde fr.pc=0x0000021887af1ba4 relative=0x0000000000000104
Event: 0.583 Thread 0x00000218ef16e840 Uncommon trap: reason=class_check action=maybe_recompile pc=0x0000021887af1ba4 method=jdk.internal.misc.Unsafe.allocateUninitializedArray(Ljava/lang/Class;I)Ljava/lang/Object; @ 51 c2
Event: 0.583 Thread 0x00000218ef16e840 DEOPT PACKING pc=0x0000021887af1ba4 sp=0x00000059491fdba0
Event: 0.583 Thread 0x00000218ef16e840 DEOPT UNPACKING pc=0x00000218800520a3 sp=0x00000059491fdb40 mode 2
Event: 0.591 Thread 0x00000218ef16e840 Uncommon trap: trap_request=0xffffffde fr.pc=0x0000021887af1ba4 relative=0x0000000000000104
Event: 0.591 Thread 0x00000218ef16e840 Uncommon trap: reason=class_check action=maybe_recompile pc=0x0000021887af1ba4 method=jdk.internal.misc.Unsafe.allocateUninitializedArray(Ljava/lang/Class;I)Ljava/lang/Object; @ 51 c2
Event: 0.591 Thread 0x00000218ef16e840 DEOPT PACKING pc=0x0000021887af1ba4 sp=0x00000059491fdd30
Event: 0.591 Thread 0x00000218ef16e840 DEOPT UNPACKING pc=0x00000218800520a3 sp=0x00000059491fdcd0 mode 2

Classes unloaded (0 events):
No events

Classes redefined (0 events):
No events

Internal exceptions (3 events):
Event: 0.168 Thread 0x00000218ef16e840 Exception <a 'java/lang/NoSuchMethodError'{0x00000000eacb24e8}: 'void java.lang.invoke.DirectMethodHandle$Holder.invokeStatic(java.lang.Object, java.lang.Object, java.lang.Object)'> (0x00000000eacb24e8) 
thrown [s\src\hotspot\share\interpreter\linkResolver.cpp, line 759]
Event: 0.360 Thread 0x00000218ef16e840 Exception <a 'java/lang/reflect/InvocationTargetException'{0x00000000eaf78220}> (0x00000000eaf78220) 
thrown [s\src\hotspot\share\runtime\reflection.cpp, line 1121]
Event: 0.615 Thread 0x00000218ef16e840 Exception <a 'java/lang/ClassNotFoundException'{0x00000000eb8e1ff8}: sun/net/www/protocol/c/Handler> (0x00000000eb8e1ff8) 
thrown [s\src\hotspot\share\classfile\systemDictionary.cpp, line 256]

VM Operations (8 events):
Event: 0.173 Executing VM operation: HandshakeAllThreads
Event: 0.173 Executing VM operation: HandshakeAllThreads done
Event: 0.276 Executing VM operation: HandshakeAllThreads
Event: 0.276 Executing VM operation: HandshakeAllThreads done
Event: 0.598 Executing VM operation: HandshakeAllThreads
Event: 0.598 Executing VM operation: HandshakeAllThreads done
Event: 0.612 Executing VM operation: HandshakeAllThreads
Event: 0.612 Executing VM operation: HandshakeAllThreads done

Events (20 events):
Event: 0.613 loading class java/net/spi/URLStreamHandlerProvider
Event: 0.613 loading class java/net/spi/URLStreamHandlerProvider done
Event: 0.613 loading class java/util/Spliterators$ArraySpliterator
Event: 0.613 loading class java/util/Spliterators$ArraySpliterator done
Event: 0.613 loading class java/util/Spliterators$1Adapter
Event: 0.613 loading class java/util/Spliterators$1Adapter done
Event: 0.614 loading class java/util/Collections$EmptyEnumeration
Event: 0.614 loading class java/util/Collections$EmptyEnumeration done
Event: 0.614 loading class jdk/internal/loader/BuiltinClassLoader$1
Event: 0.614 loading class jdk/internal/loader/BuiltinClassLoader$1 done
Event: 0.614 loading class java/lang/CompoundEnumeration
Event: 0.614 loading class java/lang/CompoundEnumeration done
Event: 0.615 loading class jdk/internal/loader/URLClassPath$1
Event: 0.615 loading class jdk/internal/loader/URLClassPath$1 done
Event: 0.618 loading class java/util/concurrent/ConcurrentHashMap$KeySetView
Event: 0.618 loading class java/util/concurrent/ConcurrentHashMap$KeySetView done
Event: 0.618 loading class java/util/Collections$3
Event: 0.618 loading class java/util/Collections$3 done
Event: 0.618 loading class java/util/concurrent/ConcurrentHashMap$KeyIterator
Event: 0.618 loading class java/util/concurrent/ConcurrentHashMap$KeyIterator done


Dynamic libraries:
0x00007ff749d70000 - 0x00007ff749d7e000 	c:\Users\vpish\.vscode\extensions\redhat.java-1.13.0-win32-x64\jre\17.0.5-win32-x86_64\bin\java.exe
0x00007ffcde1d0000 - 0x00007ffcde3e4000 	C:\WINDOWS\SYSTEM32\ntdll.dll
0x00007ffcdca40000 - 0x00007ffcdcb03000 	C:\WINDOWS\System32\KERNEL32.DLL
0x00007ffcdb9c0000 - 0x00007ffcdbd5d000 	C:\WINDOWS\System32\KERNELBASE.dll
0x00007ffcdbde0000 - 0x00007ffcdbef1000 	C:\WINDOWS\System32\ucrtbase.dll
0x00007ffccc1f0000 - 0x00007ffccc209000 	c:\Users\vpish\.vscode\extensions\redhat.java-1.13.0-win32-x64\jre\17.0.5-win32-x86_64\bin\VCRUNTIME140.dll
0x00007ffcc67f0000 - 0x00007ffcc6807000 	c:\Users\vpish\.vscode\extensions\redhat.java-1.13.0-win32-x64\jre\17.0.5-win32-x86_64\bin\jli.dll
0x00007ffcdc5b0000 - 0x00007ffcdc75d000 	C:\WINDOWS\System32\USER32.dll
0x00007ffcdb800000 - 0x00007ffcdb826000 	C:\WINDOWS\System32\win32u.dll
0x00007ffcb9780000 - 0x00007ffcb9a0e000 	C:\WINDOWS\WinSxS\amd64_microsoft.windows.common-controls_6595b64144ccf1df_6.0.22621.608_none_a9444ca7c10bb01d\COMCTL32.dll
0x00007ffcdca10000 - 0x00007ffcdca39000 	C:\WINDOWS\System32\GDI32.dll
0x00007ffcdc500000 - 0x00007ffcdc5a7000 	C:\WINDOWS\System32\msvcrt.dll
0x00007ffcdb8a0000 - 0x00007ffcdb9b2000 	C:\WINDOWS\System32\gdi32full.dll
0x00007ffcdb5f0000 - 0x00007ffcdb68a000 	C:\WINDOWS\System32\msvcp_win.dll
0x00007ffcde150000 - 0x00007ffcde182000 	C:\WINDOWS\System32\IMM32.DLL
0x00007ffcd85c0000 - 0x00007ffcd85cc000 	c:\Users\vpish\.vscode\extensions\redhat.java-1.13.0-win32-x64\jre\17.0.5-win32-x86_64\bin\vcruntime140_1.dll
0x00007ffcb2480000 - 0x00007ffcb2511000 	c:\Users\vpish\.vscode\extensions\redhat.java-1.13.0-win32-x64\jre\17.0.5-win32-x86_64\bin\msvcp140.dll
0x00007ffc8d310000 - 0x00007ffc8df54000 	c:\Users\vpish\.vscode\extensions\redhat.java-1.13.0-win32-x64\jre\17.0.5-win32-x86_64\bin\server\jvm.dll
0x00007ffcdde30000 - 0x00007ffcddede000 	C:\WINDOWS\System32\ADVAPI32.dll
0x00007ffcde0a0000 - 0x00007ffcde144000 	C:\WINDOWS\System32\sechost.dll
0x00007ffcdc780000 - 0x00007ffcdc895000 	C:\WINDOWS\System32\RPCRT4.dll
0x00007ffcc5670000 - 0x00007ffcc5679000 	C:\WINDOWS\SYSTEM32\WSOCK32.dll
0x00007ffcd5bd0000 - 0x00007ffcd5c04000 	C:\WINDOWS\SYSTEM32\WINMM.dll
0x00007ffcdc8b0000 - 0x00007ffcdc921000 	C:\WINDOWS\System32\WS2_32.dll
0x00007ffcd5750000 - 0x00007ffcd575a000 	C:\WINDOWS\SYSTEM32\VERSION.dll
0x00007ffcda620000 - 0x00007ffcda638000 	C:\WINDOWS\SYSTEM32\kernel.appcore.dll
0x00007ffccc600000 - 0x00007ffccc60a000 	c:\Users\vpish\.vscode\extensions\redhat.java-1.13.0-win32-x64\jre\17.0.5-win32-x86_64\bin\jimage.dll
0x00007ffccd880000 - 0x00007ffccdaae000 	C:\WINDOWS\SYSTEM32\DBGHELP.DLL
0x00007ffcdcc30000 - 0x00007ffcdcfba000 	C:\WINDOWS\System32\combase.dll
0x00007ffcdd560000 - 0x00007ffcdd637000 	C:\WINDOWS\System32\OLEAUT32.dll
0x00007ffccbd50000 - 0x00007ffccbd82000 	C:\WINDOWS\SYSTEM32\dbgcore.DLL
0x00007ffcdbd60000 - 0x00007ffcdbddb000 	C:\WINDOWS\System32\bcryptPrimitives.dll
0x00007ffccbe80000 - 0x00007ffccbe8e000 	c:\Users\vpish\.vscode\extensions\redhat.java-1.13.0-win32-x64\jre\17.0.5-win32-x86_64\bin\instrument.dll
0x00007ffcc56a0000 - 0x00007ffcc56c5000 	c:\Users\vpish\.vscode\extensions\redhat.java-1.13.0-win32-x64\jre\17.0.5-win32-x86_64\bin\java.dll
0x00007ffcc67d0000 - 0x00007ffcc67e8000 	c:\Users\vpish\.vscode\extensions\redhat.java-1.13.0-win32-x64\jre\17.0.5-win32-x86_64\bin\zip.dll
0x00007ffcdd640000 - 0x00007ffcdde2f000 	C:\WINDOWS\System32\SHELL32.dll
0x00007ffcd95d0000 - 0x00007ffcd9e98000 	C:\WINDOWS\SYSTEM32\windows.storage.dll
0x00007ffcd9490000 - 0x00007ffcd95ce000 	C:\WINDOWS\SYSTEM32\wintypes.dll
0x00007ffcdc1d0000 - 0x00007ffcdc2c1000 	C:\WINDOWS\System32\SHCORE.dll
0x00007ffcddff0000 - 0x00007ffcde04e000 	C:\WINDOWS\System32\shlwapi.dll
0x00007ffcdb520000 - 0x00007ffcdb541000 	C:\WINDOWS\SYSTEM32\profapi.dll
0x00007ffcc65f0000 - 0x00007ffcc6609000 	C:\Users\vpish\.vscode\extensions\redhat.java-1.13.0-win32-x64\jre\17.0.5-win32-x86_64\bin\net.dll
0x00007ffcd5e40000 - 0x00007ffcd5f6f000 	C:\WINDOWS\SYSTEM32\WINHTTP.dll
0x00007ffcdaab0000 - 0x00007ffcdab19000 	C:\WINDOWS\system32\mswsock.dll
0x00007ffcc0b00000 - 0x00007ffcc0b15000 	C:\Users\vpish\.vscode\extensions\redhat.java-1.13.0-win32-x64\jre\17.0.5-win32-x86_64\bin\nio.dll
0x00007ffccaee0000 - 0x00007ffccaef0000 	c:\Users\vpish\.vscode\extensions\redhat.java-1.13.0-win32-x64\jre\17.0.5-win32-x86_64\bin\verify.dll

dbghelp: loaded successfully - version: 4.0.5 - missing functions: none
symbol engine: initialized successfully - sym options: 0x614 - pdb path: .;c:\Users\vpish\.vscode\extensions\redhat.java-1.13.0-win32-x64\jre\17.0.5-win32-x86_64\bin;C:\WINDOWS\SYSTEM32;C:\WINDOWS\WinSxS\amd64_microsoft.windows.common-controls_6595b64144ccf1df_6.0.22621.608_none_a9444ca7c10bb01d;c:\Users\vpish\.vscode\extensions\redhat.java-1.13.0-win32-x64\jre\17.0.5-win32-x86_64\bin\server

VM Arguments:
jvm_args: --add-modules=ALL-SYSTEM --add-opens=java.base/java.util=ALL-UNNAMED --add-opens=java.base/java.lang=ALL-UNNAMED --add-opens=java.base/sun.nio.fs=ALL-UNNAMED -Declipse.application=org.eclipse.jdt.ls.core.id1 -Dosgi.bundles.defaultStartLevel=4 -Declipse.product=org.eclipse.jdt.ls.core.product -Djava.import.generatesMetadataFilesAtProjectRoot=false -Dfile.encoding=utf8 -XX:+UseParallelGC -XX:GCTimeRatio=4 -XX:AdaptiveSizePolicyWeight=90 -Dsun.zip.disableMemoryMapping=true -Xmx1G -Xms100m -Xlog:disable -javaagent:c:\Users\vpish\.vscode\extensions\redhat.java-1.13.0-win32-x64\lombok\lombok-1.18.24.jar -XX:+HeapDumpOnOutOfMemoryError -XX:HeapDumpPath=c:\Users\vpish\AppData\Roaming\Code\User\workspaceStorage\616f2b40017915f20f112693b8f9ba74\redhat.java 
java_command: c:\Users\vpish\.vscode\extensions\redhat.java-1.13.0-win32-x64\server\plugins\org.eclipse.equinox.launcher_1.6.400.v20210924-0641.jar -configuration c:\Users\vpish\AppData\Roaming\Code\User\globalStorage\redhat.java\1.13.0\config_win -data c:\Users\vpish\AppData\Roaming\Code\User\workspaceStorage\616f2b40017915f20f112693b8f9ba74\redhat.java\jdt_ws
java_class_path (initial): c:\Users\vpish\.vscode\extensions\redhat.java-1.13.0-win32-x64\server\plugins\org.eclipse.equinox.launcher_1.6.400.v20210924-0641.jar
Launcher Type: SUN_STANDARD

[Global flags]
    uintx AdaptiveSizePolicyWeight                 = 90                                        {product} {command line}
     intx CICompilerCount                          = 4                                         {product} {ergonomic}
    uintx GCTimeRatio                              = 4                                         {product} {command line}
     bool HeapDumpOnOutOfMemoryError               = true                                   {manageable} {command line}
    ccstr HeapDumpPath                             = c:\Users\vpish\AppData\Roaming\Code\User\workspaceStorage\616f2b40017915f20f112693b8f9ba74\redhat.java         {manageable} {command line}
   size_t InitialHeapSize                          = 104857600                                 {product} {command line}
   size_t MaxHeapSize                              = 1073741824                                {product} {command line}
   size_t MaxNewSize                               = 357564416                                 {product} {ergonomic}
   size_t MinHeapDeltaBytes                        = 524288                                    {product} {ergonomic}
   size_t MinHeapSize                              = 104857600                                 {product} {command line}
   size_t NewSize                                  = 34603008                                  {product} {ergonomic}
    uintx NonNMethodCodeHeapSize                   = 5839372                                {pd product} {ergonomic}
    uintx NonProfiledCodeHeapSize                  = 122909434                              {pd product} {ergonomic}
   size_t OldSize                                  = 70254592                                  {product} {ergonomic}
    uintx ProfiledCodeHeapSize                     = 122909434                              {pd product} {ergonomic}
    uintx ReservedCodeCacheSize                    = 251658240                              {pd product} {ergonomic}
     bool SegmentedCodeCache                       = true                                      {product} {ergonomic}
   size_t SoftMaxHeapSize                          = 1073741824                             {manageable} {ergonomic}
     bool UseCompressedClassPointers               = true                           {product lp64_product} {ergonomic}
     bool UseCompressedOops                        = true                           {product lp64_product} {ergonomic}
     bool UseLargePagesIndividualAllocation        = false                                  {pd product} {ergonomic}
     bool UseParallelGC                            = true                                      {product} {command line}

Logging:
Log output configuration:
 #0: stdout all=off uptime,level,tags
 #1: stderr all=off uptime,level,tags

Environment Variables:
JAVA_HOME=C:\Users\vpish\AppData\Local\Programs\Eclipse Adoptium\jdk-17.0.4.101-hotspot\
PATH=C:\Program Files\Common Files\Oracle\Java\javapath;C:\Program Files\Eclipse Adoptium\jdk-17.0.5.8-hotspot\bin;D:\Programming tools\Python\Scripts\;D:\Programming tools\Python\;C:\WINDOWS\system32;C:\WINDOWS;C:\WINDOWS\System32\Wbem;C:\WINDOWS\System32\WindowsPowerShell\v1.0\;C:\WINDOWS\System32\OpenSSH\;D:\Programs\bin;C:\Program Files\NVIDIA Corporation\NVIDIA NvDLISR;C:\Program Files (x86)\NVIDIA Corporation\PhysX\Common;D:\Programming tools\nodeJS\;D:\Programs\Git\cmd;C:\Users\vpish\AppData\Local\Programs\Eclipse Adoptium\jdk-17.0.4.101-hotspot\bin;C:\Users\vpish\AppData\Local\Microsoft\WindowsApps;D:\Programs\Java\bin\java.dll;D:\Programs\WebStorm 2022.2.2\bin;C:\Users\vpish\AppData\Local\JetBrains\Toolbox\scripts;D:\Programs\Microsoft VS Code\bin;C:\Users\vpish\AppData\Local\GitHubDesktop\bin;C:\Users\vpish\AppData\Roaming\npm
USERNAME=vpish
OS=Windows_NT
PROCESSOR_IDENTIFIER=AMD64 Family 23 Model 96 Stepping 1, AuthenticAMD
TMP=C:\Users\vpish\AppData\Local\Temp
TEMP=C:\Users\vpish\AppData\Local\Temp



---------------  S Y S T E M  ---------------

OS:
 Windows 11 , 64 bit Build 22621 (10.0.22621.963)
OS uptime: 0 days 11:33 hours
Hyper-V role detected

CPU: total 12 (initial active 12) (12 cores per cpu, 2 threads per core) family 23 model 96 stepping 1 microcode 0x0, cx8, cmov, fxsr, ht, mmx, 3dnowpref, sse, sse2, sse3, ssse3, sse4a, sse4.1, sse4.2, popcnt, lzcnt, tsc, tscinvbit, avx, avx2, aes, clmul, bmi1, bmi2, adx, sha, fma, vzeroupper, clflush, clflushopt, hv

Memory: 4k page, system-wide physical 7541M (71M free)
TotalPageFile size 22052M (AvailPageFile size 27M)
current process WorkingSet (physical memory assigned to process): 44M, peak: 44M
current process commit charge ("private bytes"): 201M, peak: 201M

vm_info: OpenJDK 64-Bit Server VM (17.0.5+8) for windows-amd64 JRE (17.0.5+8), built on Oct 19 2022 04:48:13 by "temurin" with MS VC++ 16.7 (VS2019)

END.
