#
# There is insufficient memory for the Java Runtime Environment to continue.
# Native memory allocation (malloc) failed to allocate 283376 bytes for Chunk::new
# Possible reasons:
#   The system is out of physical RAM or swap space
#   The process is running with CompressedOops enabled, and the Java Heap may be blocking the growth of the native heap
# Possible solutions:
#   Reduce memory load on the system
#   Increase physical memory or swap space
#   Check if swap backing store is full
#   Decrease Java heap size (-Xmx/-Xms)
#   Decrease number of Java threads
#   Decrease Java thread stack sizes (-Xss)
#   Set larger code cache with -XX:ReservedCodeCacheSize=
#   JVM is running with Unscaled Compressed Oops mode in which the Java heap is
#     placed in the first 4GB address space. The Java Heap base address is the
#     maximum limit for the native heap growth. Please use -XX:HeapBaseMinAddress
#     to set the Java Heap base and to place the Java Heap above 4GB virtual address.
# This output file may be truncated or incomplete.
#
#  Out of Memory Error (arena.cpp:189), pid=7904, tid=5004
#
# JRE version: OpenJDK Runtime Environment Temurin-17.0.5+8 (17.0.5+8) (build 17.0.5+8)
# Java VM: OpenJDK 64-Bit Server VM Temurin-17.0.5+8 (17.0.5+8, mixed mode, tiered, compressed oops, compressed class ptrs, parallel gc, windows-amd64)
# No core dump will be written. Minidumps are not enabled by default on client versions of Windows
#

---------------  S U M M A R Y ------------

Command Line: --add-modules=ALL-SYSTEM --add-opens=java.base/java.util=ALL-UNNAMED --add-opens=java.base/java.lang=ALL-UNNAMED --add-opens=java.base/sun.nio.fs=ALL-UNNAMED -Declipse.application=org.eclipse.jdt.ls.core.id1 -Dosgi.bundles.defaultStartLevel=4 -Declipse.product=org.eclipse.jdt.ls.core.product -Djava.import.generatesMetadataFilesAtProjectRoot=false -Dfile.encoding=utf8 -XX:+UseParallelGC -XX:GCTimeRatio=4 -XX:AdaptiveSizePolicyWeight=90 -Dsun.zip.disableMemoryMapping=true -Xmx1G -Xms100m -Xlog:disable -javaagent:c:\Users\vpish\.vscode\extensions\redhat.java-1.13.0-win32-x64\lombok\lombok-1.18.24.jar -XX:+HeapDumpOnOutOfMemoryError -XX:HeapDumpPath=c:\Users\vpish\AppData\Roaming\Code\User\workspaceStorage\616f2b40017915f20f112693b8f9ba74\redhat.java c:\Users\vpish\.vscode\extensions\redhat.java-1.13.0-win32-x64\server\plugins\org.eclipse.equinox.launcher_1.6.400.v20210924-0641.jar -configuration c:\Users\vpish\AppData\Roaming\Code\User\globalStorage\redhat.java\1.13.0\config_win -data c:\Users\vpish\AppData\Roaming\Code\User\workspaceStorage\616f2b40017915f20f112693b8f9ba74\redhat.java\jdt_ws

Host: AMD Ryzen 5 4600H with Radeon Graphics         , 12 cores, 7G,  Windows 11 , 64 bit Build 22621 (10.0.22621.963)
Time: Wed Dec 14 12:55:44 2022 Belarus Standard Time elapsed time: 70.646062 seconds (0d 0h 1m 10s)

---------------  T H R E A D  ---------------

Current thread (0x0000016bf31bc010):  JavaThread "C2 CompilerThread0" daemon [_thread_in_native, id=5004, stack(0x0000004307800000,0x0000004307900000)]


Current CompileTask:
C2:  70647 6687   !   4       org.eclipse.jdt.internal.compiler.parser.Scanner::getNextToken0 (2562 bytes)

Stack: [0x0000004307800000,0x0000004307900000]
Native frames: (J=compiled Java code, j=interpreted, Vv=VM code, C=native code)
V  [jvm.dll+0x676b3a]
V  [jvm.dll+0x831444]
V  [jvm.dll+0x832bee]
V  [jvm.dll+0x833253]
V  [jvm.dll+0x244ce5]
V  [jvm.dll+0xabbac]
V  [jvm.dll+0xac17c]
V  [jvm.dll+0x2abd2f]
V  [jvm.dll+0x57d517]
V  [jvm.dll+0x21fd72]
V  [jvm.dll+0x219744]
V  [jvm.dll+0x216e6b]
V  [jvm.dll+0x1a343d]
V  [jvm.dll+0x22698a]
V  [jvm.dll+0x224ac5]
V  [jvm.dll+0x7e727b]
V  [jvm.dll+0x7e17ea]
V  [jvm.dll+0x6759e5]
C  [ucrtbase.dll+0x29363]
C  [KERNEL32.DLL+0x126bd]
C  [ntdll.dll+0x5dfb8]


---------------  P R O C E S S  ---------------

Threads class SMR info:
_java_thread_list=0x0000016bfd0fa6a0, length=34, elements={
0x0000016bdd7de7f0, 0x0000016bdd8924e0, 0x0000016bdd894750, 0x0000016bf165c050,
0x0000016bf165cb10, 0x0000016bf165dd60, 0x0000016bf31b6f30, 0x0000016bf31bc010,
0x0000016bf31bdac0, 0x0000016bf31bfa40, 0x0000016bf32e78e0, 0x0000016bf349b0e0,
0x0000016bf4f23de0, 0x0000016bf593b4a0, 0x0000016bf5aea910, 0x0000016bf58390a0,
0x0000016bf5a84b40, 0x0000016bf5cc0460, 0x0000016bf5cbfac0, 0x0000016bf5cbf5f0,
0x0000016bf5cbec50, 0x0000016bf5cc2140, 0x0000016bf5cc17a0, 0x0000016bf5cc2610,
0x0000016bf5cbff90, 0x0000016bf5cbf120, 0x0000016bfa513180, 0x0000016bfa513b20,
0x0000016bfa510160, 0x0000016bfa5114a0, 0x0000016bfa511e40, 0x0000016bfa512310,
0x0000016bfa510630, 0x0000016bfa5127e0
}

Java Threads: ( => current thread )
  0x0000016bdd7de7f0 JavaThread "main" [_thread_blocked, id=9132, stack(0x0000004306f00000,0x0000004307000000)]
  0x0000016bdd8924e0 JavaThread "Reference Handler" daemon [_thread_blocked, id=12644, stack(0x0000004307200000,0x0000004307300000)]
  0x0000016bdd894750 JavaThread "Finalizer" daemon [_thread_blocked, id=9256, stack(0x0000004307300000,0x0000004307400000)]
  0x0000016bf165c050 JavaThread "Signal Dispatcher" daemon [_thread_blocked, id=12476, stack(0x0000004307400000,0x0000004307500000)]
  0x0000016bf165cb10 JavaThread "Attach Listener" daemon [_thread_blocked, id=2236, stack(0x0000004307500000,0x0000004307600000)]
  0x0000016bf165dd60 JavaThread "Service Thread" daemon [_thread_blocked, id=2612, stack(0x0000004307600000,0x0000004307700000)]
  0x0000016bf31b6f30 JavaThread "Monitor Deflation Thread" daemon [_thread_blocked, id=2424, stack(0x0000004307700000,0x0000004307800000)]
=>0x0000016bf31bc010 JavaThread "C2 CompilerThread0" daemon [_thread_in_native, id=5004, stack(0x0000004307800000,0x0000004307900000)]
  0x0000016bf31bdac0 JavaThread "C1 CompilerThread0" daemon [_thread_in_vm, id=11684, stack(0x0000004307900000,0x0000004307a00000)]
  0x0000016bf31bfa40 JavaThread "Sweeper thread" daemon [_thread_blocked, id=3380, stack(0x0000004307a00000,0x0000004307b00000)]
  0x0000016bf32e78e0 JavaThread "Common-Cleaner" daemon [_thread_blocked, id=11656, stack(0x0000004307b00000,0x0000004307c00000)]
  0x0000016bf349b0e0 JavaThread "Notification Thread" daemon [_thread_blocked, id=11844, stack(0x0000004307d00000,0x0000004307e00000)]
  0x0000016bf4f23de0 JavaThread "Active Thread: Equinox Container: e39cfcb1-6ad0-4c75-92ca-8989337c4616" [_thread_blocked, id=9184, stack(0x0000004307f00000,0x0000004308000000)]
  0x0000016bf593b4a0 JavaThread "Framework Event Dispatcher: Equinox Container: e39cfcb1-6ad0-4c75-92ca-8989337c4616" daemon [_thread_blocked, id=8992, stack(0x0000004307c00000,0x0000004307d00000)]
  0x0000016bf5aea910 JavaThread "Start Level: Equinox Container: e39cfcb1-6ad0-4c75-92ca-8989337c4616" daemon [_thread_blocked, id=6740, stack(0x0000004308600000,0x0000004308700000)]
  0x0000016bf58390a0 JavaThread "SCR Component Actor" daemon [_thread_blocked, id=6840, stack(0x0000004308700000,0x0000004308800000)]
  0x0000016bf5a84b40 JavaThread "Worker-JM" [_thread_blocked, id=7092, stack(0x0000004308b00000,0x0000004308c00000)]
  0x0000016bf5cc0460 JavaThread "Worker-0" [_thread_blocked, id=6548, stack(0x0000004308e00000,0x0000004308f00000)]
  0x0000016bf5cbfac0 JavaThread "Worker-1" [_thread_blocked, id=4740, stack(0x0000004308f00000,0x0000004309000000)]
  0x0000016bf5cbf5f0 JavaThread "Java indexing" daemon [_thread_blocked, id=12600, stack(0x0000004309000000,0x0000004309100000)]
  0x0000016bf5cbec50 JavaThread "JNA Cleaner" daemon [_thread_blocked, id=8356, stack(0x0000004309200000,0x0000004309300000)]
  0x0000016bf5cc2140 JavaThread "pool-2-thread-1" [_thread_blocked, id=2548, stack(0x0000004309300000,0x0000004309400000)]
  0x0000016bf5cc17a0 JavaThread "pool-1-thread-1" [_thread_in_native, id=5612, stack(0x0000004309400000,0x0000004309500000)]
  0x0000016bf5cc2610 JavaThread "Worker-2" [_thread_blocked, id=6956, stack(0x0000004309100000,0x0000004309200000)]
  0x0000016bf5cbff90 JavaThread "Worker-3" [_thread_blocked, id=1912, stack(0x0000004308c00000,0x0000004308d00000)]
  0x0000016bf5cbf120 JavaThread "Worker-4" [_thread_blocked, id=12356, stack(0x0000004308a00000,0x0000004308b00000)]
  0x0000016bfa513180 JavaThread "ForkJoinPool.commonPool-worker-1" daemon [_thread_in_Java, id=3120, stack(0x0000004309800000,0x0000004309900000)]
  0x0000016bfa513b20 JavaThread "ForkJoinPool.commonPool-worker-2" daemon [_thread_blocked, id=5200, stack(0x0000004309a00000,0x0000004309b00000)]
  0x0000016bfa510160 JavaThread "ForkJoinPool.commonPool-worker-3" daemon [_thread_blocked, id=6876, stack(0x0000004309b00000,0x0000004309c00000)]
  0x0000016bfa5114a0 JavaThread "ForkJoinPool.commonPool-worker-4" daemon [_thread_in_native, id=10828, stack(0x0000004309c00000,0x0000004309d00000)]
  0x0000016bfa511e40 JavaThread "ForkJoinPool.commonPool-worker-5" daemon [_thread_blocked, id=2824, stack(0x0000004306c00000,0x0000004306d00000)]
  0x0000016bfa512310 JavaThread "ForkJoinPool.commonPool-worker-6" daemon [_thread_in_Java, id=1296, stack(0x0000004306d00000,0x0000004306e00000)]
  0x0000016bfa510630 JavaThread "ForkJoinPool.commonPool-worker-7" daemon [_thread_blocked, id=11168, stack(0x0000004306e00000,0x0000004306f00000)]
  0x0000016bfa5127e0 JavaThread "Bundle File Closer" daemon [_thread_blocked, id=12432, stack(0x0000004309900000,0x0000004309a00000)]

Other Threads:
  0x0000016bdd89ec80 VMThread "VM Thread" [stack: 0x0000004307100000,0x0000004307200000] [id=1500]
  0x0000016bf349b5b0 WatcherThread [stack: 0x0000004307e00000,0x0000004307f00000] [id=1940]
  0x0000016bdd7f3860 GCTaskThread "GC Thread#0" [stack: 0x0000004307000000,0x0000004307100000] [id=8856]
  0x0000016bf47fe360 GCTaskThread "GC Thread#1" [stack: 0x0000004308000000,0x0000004308100000] [id=2640]
  0x0000016bf47ffb90 GCTaskThread "GC Thread#2" [stack: 0x0000004308100000,0x0000004308200000] [id=1376]
  0x0000016bf47ffe40 GCTaskThread "GC Thread#3" [stack: 0x0000004308200000,0x0000004308300000] [id=4688]
  0x0000016bf47fe610 GCTaskThread "GC Thread#4" [stack: 0x0000004308300000,0x0000004308400000] [id=7804]
  0x0000016bf47ff380 GCTaskThread "GC Thread#5" [stack: 0x0000004308400000,0x0000004308500000] [id=11880]
  0x0000016bf47fe8c0 GCTaskThread "GC Thread#6" [stack: 0x0000004308500000,0x0000004308600000] [id=11504]
  0x0000016bf5b06e30 GCTaskThread "GC Thread#7" [stack: 0x0000004308800000,0x0000004308900000] [id=1732]
  0x0000016bf5b06b80 GCTaskThread "GC Thread#8" [stack: 0x0000004308900000,0x0000004308a00000] [id=2304]
  0x0000016bf5b03310 GCTaskThread "GC Thread#9" [stack: 0x0000004308d00000,0x0000004308e00000] [id=7464]

Threads with active compile tasks:
C2 CompilerThread0    70709 6687   !   4       org.eclipse.jdt.internal.compiler.parser.Scanner::getNextToken0 (2562 bytes)
C1 CompilerThread0    70709 6697       3       org.eclipse.jdt.internal.core.JavaProject::getEclipsePreferences (178 bytes)

VM state: not at safepoint (normal execution)

VM Mutex/Monitor currently owned by a thread: None

Heap address: 0x00000000c0000000, size: 1024 MB, Compressed Oops mode: 32-bit

CDS archive(s) not mapped
Compressed class space mapped at: 0x0000000100000000-0x0000000140000000, reserved size: 1073741824
Narrow klass base: 0x0000000000000000, Narrow klass shift: 3, Narrow klass range: 0x140000000

GC Precious Log:
 CPUs: 12 total, 12 available
 Memory: 7541M
 Large Page Support: Disabled
 NUMA Support: Disabled
 Compressed Oops: Enabled (32-bit)
 Alignments: Space 512K, Generation 512K, Heap 2M
 Heap Min Capacity: 100M
 Heap Initial Capacity: 100M
 Heap Max Capacity: 1G
 Pre-touch: Disabled
 Parallel Workers: 10

Heap:
 PSYoungGen      total 6656K, used 5168K [0x00000000eab00000, 0x00000000ec180000, 0x0000000100000000)
  eden space 6144K, 75% used [0x00000000eab00000,0x00000000eaf8c3e8,0x00000000eb100000)
  from space 512K, 100% used [0x00000000ec100000,0x00000000ec180000,0x00000000ec180000)
  to   space 6656K, 0% used [0x00000000eb480000,0x00000000eb480000,0x00000000ebb00000)
 ParOldGen       total 103936K, used 84948K [0x00000000c0000000, 0x00000000c6580000, 0x00000000eab00000)
  object space 103936K, 81% used [0x00000000c0000000,0x00000000c52f5098,0x00000000c6580000)
 Metaspace       used 62941K, committed 63808K, reserved 1105920K
  class space    used 6772K, committed 7168K, reserved 1048576K

Card table byte_map: [0x0000016bdd180000,0x0000016bdd390000] _byte_map_base: 0x0000016bdcb80000

Marking Bits: (ParMarkBitMap*) 0x00007ffc8de90dd0
 Begin Bits: [0x0000016bef460000, 0x0000016bf0460000)
 End Bits:   [0x0000016bf0460000, 0x0000016bf1460000)

Polling page: 0x0000016bdb510000

Metaspace:

Usage:
  Non-class:     54.85 MB used.
      Class:      6.61 MB used.
       Both:     61.47 MB used.

Virtual space:
  Non-class space:       56.00 MB reserved,      55.31 MB ( 99%) committed,  7 nodes.
      Class space:        1.00 GB reserved,       7.00 MB ( <1%) committed,  1 nodes.
             Both:        1.05 GB reserved,      62.31 MB (  6%) committed. 

Chunk freelists:
   Non-Class:  720.00 KB
       Class:  1.00 MB
        Both:  1.71 MB

MaxMetaspaceSize: unlimited
CompressedClassSpaceSize: 1.00 GB
Initial GC threshold: 21.00 MB
Current GC threshold: 102.50 MB
CDS: off
MetaspaceReclaimPolicy: balanced
 - commit_granule_bytes: 65536.
 - commit_granule_words: 8192.
 - virtual_space_node_default_size: 1048576.
 - enlarge_chunks_in_place: 1.
 - new_chunks_are_fully_committed: 0.
 - uncommit_free_chunks: 1.
 - use_allocation_guard: 0.
 - handle_deallocations: 1.


Internal statistics:

num_allocs_failed_limit: 9.
num_arena_births: 418.
num_arena_deaths: 14.
num_vsnodes_births: 8.
num_vsnodes_deaths: 0.
num_space_committed: 997.
num_space_uncommitted: 0.
num_chunks_returned_to_freelist: 23.
num_chunks_taken_from_freelist: 2546.
num_chunk_merges: 13.
num_chunk_splits: 1733.
num_chunks_enlarged: 1214.
num_purges: 2.
num_inconsistent_stats: 0.

CodeHeap 'non-profiled nmethods': size=120000Kb used=3445Kb max_used=3445Kb free=116554Kb
 bounds [0x0000016be7f30000, 0x0000016be8290000, 0x0000016bef460000]
CodeHeap 'profiled nmethods': size=120000Kb used=12409Kb max_used=12409Kb free=107590Kb
 bounds [0x0000016be0a00000, 0x0000016be1630000, 0x0000016be7f30000]
CodeHeap 'non-nmethods': size=5760Kb used=1370Kb max_used=1432Kb free=4389Kb
 bounds [0x0000016be0460000, 0x0000016be06d0000, 0x0000016be0a00000]
 total_blobs=6547 nmethods=5835 adapters=624
 compilation: enabled
              stopped_count=0, restarted_count=0
 full_count=0

Compilation events (20 events):
Event: 70.595 Thread 0x0000016bf31bdac0 nmethod 6684 0x0000016be1618f10 code [0x0000016be1619340, 0x0000016be161bf48]
Event: 70.596 Thread 0x0000016bf31bc010 6680       4       org.eclipse.jdt.internal.compiler.parser.Scanner::scanIdentifierOrKeyword (196 bytes)
Event: 70.600 Thread 0x0000016bf31bdac0 6685       1       org.eclipse.jdt.internal.core.SourceType::getElementType (3 bytes)
Event: 70.600 Thread 0x0000016bf31bdac0 nmethod 6685 0x0000016be828c710 code [0x0000016be828c8a0, 0x0000016be828c978]
Event: 70.601 Thread 0x0000016bf31bc010 nmethod 6680 0x0000016be828ca10 code [0x0000016be828cba0, 0x0000016be828cdc8]
Event: 70.606 Thread 0x0000016bf31bdac0 6686       1       org.eclipse.jdt.internal.core.CompilationUnit::getElementType (2 bytes)
Event: 70.606 Thread 0x0000016bf31bdac0 nmethod 6686 0x0000016be828cf90 code [0x0000016be828d120, 0x0000016be828d1f8]
Event: 70.607 Thread 0x0000016bf31bc010 6687   !   4       org.eclipse.jdt.internal.compiler.parser.Scanner::getNextToken0 (2562 bytes)
Event: 70.614 Thread 0x0000016bf31bdac0 6689  s    3       java.lang.StringBuffer::getChars (10 bytes)
Event: 70.614 Thread 0x0000016bf31bdac0 nmethod 6689 0x0000016be161c490 code [0x0000016be161c640, 0x0000016be161c828]
Event: 70.615 Thread 0x0000016bf31bdac0 6690   !   3       org.eclipse.jdt.internal.core.JavaProject::checkPreferencesExist (32 bytes)
Event: 70.616 Thread 0x0000016bf31bdac0 nmethod 6690 0x0000016be161c910 code [0x0000016be161cae0, 0x0000016be161ce78]
Event: 70.617 Thread 0x0000016bf31bdac0 6692       3       java.lang.StringBuffer::<init> (6 bytes)
Event: 70.617 Thread 0x0000016bf31bdac0 nmethod 6692 0x0000016be161d010 code [0x0000016be161d1a0, 0x0000016be161d2e8]
Event: 70.617 Thread 0x0000016bf31bdac0 6691       3       org.eclipse.jdt.core.Signature::toCharArray (83 bytes)
Event: 70.617 Thread 0x0000016bf31bdac0 nmethod 6691 0x0000016be161d390 code [0x0000016be161d5a0, 0x0000016be161dc88]
Event: 70.617 Thread 0x0000016bf31bdac0 6693       1       org.eclipse.jdt.internal.core.SourceMethod::getElementType (3 bytes)
Event: 70.617 Thread 0x0000016bf31bdac0 nmethod 6693 0x0000016be828d290 code [0x0000016be828d420, 0x0000016be828d4f8]
Event: 70.618 Thread 0x0000016bf31bdac0 6694   !   3       org.eclipse.osgi.storage.bundlefile.MRUBundleFileList::add (273 bytes)
Event: 70.620 Thread 0x0000016bf31bdac0 nmethod 6694 0x0000016be161df10 code [0x0000016be161e220, 0x0000016be161f5e8]

GC Heap History (20 events):
Event: 11.206 GC heap before
{Heap before GC invocations=30 (full 3):
 PSYoungGen      total 20480K, used 19456K [0x00000000eab00000, 0x00000000ec000000, 0x0000000100000000)
  eden space 19456K, 100% used [0x00000000eab00000,0x00000000ebe00000,0x00000000ebe00000)
  from space 1024K, 0% used [0x00000000ebf00000,0x00000000ebf00000,0x00000000ec000000)
  to   space 1024K, 0% used [0x00000000ebe00000,0x00000000ebe00000,0x00000000ebf00000)
 ParOldGen       total 68608K, used 32187K [0x00000000c0000000, 0x00000000c4300000, 0x00000000eab00000)
  object space 68608K, 46% used [0x00000000c0000000,0x00000000c1f6ed20,0x00000000c4300000)
 Metaspace       used 61058K, committed 61952K, reserved 1105920K
  class space    used 6584K, committed 6976K, reserved 1048576K
}
Event: 11.209 GC heap after
{Heap after GC invocations=30 (full 3):
 PSYoungGen      total 20480K, used 1019K [0x00000000eab00000, 0x00000000ec900000, 0x0000000100000000)
  eden space 19456K, 0% used [0x00000000eab00000,0x00000000eab00000,0x00000000ebe00000)
  from space 1024K, 99% used [0x00000000ebe00000,0x00000000ebefec90,0x00000000ebf00000)
  to   space 5632K, 0% used [0x00000000ec380000,0x00000000ec380000,0x00000000ec900000)
 ParOldGen       total 68608K, used 35678K [0x00000000c0000000, 0x00000000c4300000, 0x00000000eab00000)
  object space 68608K, 52% used [0x00000000c0000000,0x00000000c22d7b68,0x00000000c4300000)
 Metaspace       used 61058K, committed 61952K, reserved 1105920K
  class space    used 6584K, committed 6976K, reserved 1048576K
}
Event: 13.461 GC heap before
{Heap before GC invocations=31 (full 3):
 PSYoungGen      total 20480K, used 16848K [0x00000000eab00000, 0x00000000ec900000, 0x0000000100000000)
  eden space 19456K, 81% used [0x00000000eab00000,0x00000000eba75768,0x00000000ebe00000)
  from space 1024K, 99% used [0x00000000ebe00000,0x00000000ebefec90,0x00000000ebf00000)
  to   space 5632K, 0% used [0x00000000ec380000,0x00000000ec380000,0x00000000ec900000)
 ParOldGen       total 68608K, used 35678K [0x00000000c0000000, 0x00000000c4300000, 0x00000000eab00000)
  object space 68608K, 52% used [0x00000000c0000000,0x00000000c22d7b68,0x00000000c4300000)
 Metaspace       used 62030K, committed 62976K, reserved 1105920K
  class space    used 6683K, committed 7104K, reserved 1048576K
}
Event: 13.464 GC heap after
{Heap after GC invocations=31 (full 3):
 PSYoungGen      total 25088K, used 5126K [0x00000000eab00000, 0x00000000ec900000, 0x0000000100000000)
  eden space 19456K, 0% used [0x00000000eab00000,0x00000000eab00000,0x00000000ebe00000)
  from space 5632K, 91% used [0x00000000ec380000,0x00000000ec881a60,0x00000000ec900000)
  to   space 5632K, 0% used [0x00000000ebe00000,0x00000000ebe00000,0x00000000ec380000)
 ParOldGen       total 68608K, used 36816K [0x00000000c0000000, 0x00000000c4300000, 0x00000000eab00000)
  object space 68608K, 53% used [0x00000000c0000000,0x00000000c23f43e8,0x00000000c4300000)
 Metaspace       used 62030K, committed 62976K, reserved 1105920K
  class space    used 6683K, committed 7104K, reserved 1048576K
}
Event: 13.534 GC heap before
{Heap before GC invocations=32 (full 3):
 PSYoungGen      total 25088K, used 24582K [0x00000000eab00000, 0x00000000ec900000, 0x0000000100000000)
  eden space 19456K, 100% used [0x00000000eab00000,0x00000000ebe00000,0x00000000ebe00000)
  from space 5632K, 91% used [0x00000000ec380000,0x00000000ec881a60,0x00000000ec900000)
  to   space 5632K, 0% used [0x00000000ebe00000,0x00000000ebe00000,0x00000000ec380000)
 ParOldGen       total 79872K, used 74155K [0x00000000c0000000, 0x00000000c4e00000, 0x00000000eab00000)
  object space 79872K, 92% used [0x00000000c0000000,0x00000000c486af38,0x00000000c4e00000)
 Metaspace       used 62037K, committed 62976K, reserved 1105920K
  class space    used 6685K, committed 7104K, reserved 1048576K
}
Event: 13.537 GC heap after
{Heap after GC invocations=32 (full 3):
 PSYoungGen      total 25088K, used 5632K [0x00000000eab00000, 0x00000000ece00000, 0x0000000100000000)
  eden space 19456K, 0% used [0x00000000eab00000,0x00000000eab00000,0x00000000ebe00000)
  from space 5632K, 100% used [0x00000000ebe00000,0x00000000ec380000,0x00000000ec380000)
  to   space 8192K, 0% used [0x00000000ec600000,0x00000000ec600000,0x00000000ece00000)
 ParOldGen       total 79872K, used 75866K [0x00000000c0000000, 0x00000000c4e00000, 0x00000000eab00000)
  object space 79872K, 94% used [0x00000000c0000000,0x00000000c4a16868,0x00000000c4e00000)
 Metaspace       used 62037K, committed 62976K, reserved 1105920K
  class space    used 6685K, committed 7104K, reserved 1048576K
}
Event: 13.584 GC heap before
{Heap before GC invocations=33 (full 3):
 PSYoungGen      total 25088K, used 25088K [0x00000000eab00000, 0x00000000ece00000, 0x0000000100000000)
  eden space 19456K, 100% used [0x00000000eab00000,0x00000000ebe00000,0x00000000ebe00000)
  from space 5632K, 100% used [0x00000000ebe00000,0x00000000ec380000,0x00000000ec380000)
  to   space 8192K, 0% used [0x00000000ec600000,0x00000000ec600000,0x00000000ece00000)
 ParOldGen       total 79872K, used 75866K [0x00000000c0000000, 0x00000000c4e00000, 0x00000000eab00000)
  object space 79872K, 94% used [0x00000000c0000000,0x00000000c4a16868,0x00000000c4e00000)
 Metaspace       used 62037K, committed 62976K, reserved 1105920K
  class space    used 6685K, committed 7104K, reserved 1048576K
}
Event: 13.593 GC heap after
{Heap after GC invocations=33 (full 3):
 PSYoungGen      total 14336K, used 8192K [0x00000000eab00000, 0x00000000ee800000, 0x0000000100000000)
  eden space 6144K, 0% used [0x00000000eab00000,0x00000000eab00000,0x00000000eb100000)
  from space 8192K, 100% used [0x00000000ec600000,0x00000000ece00000,0x00000000ece00000)
  to   space 21504K, 0% used [0x00000000eb100000,0x00000000eb100000,0x00000000ec600000)
 ParOldGen       total 87040K, used 86986K [0x00000000c0000000, 0x00000000c5500000, 0x00000000eab00000)
  object space 87040K, 99% used [0x00000000c0000000,0x00000000c54f2868,0x00000000c5500000)
 Metaspace       used 62037K, committed 62976K, reserved 1105920K
  class space    used 6685K, committed 7104K, reserved 1048576K
}
Event: 13.593 GC heap before
{Heap before GC invocations=34 (full 4):
 PSYoungGen      total 14336K, used 8192K [0x00000000eab00000, 0x00000000ee800000, 0x0000000100000000)
  eden space 6144K, 0% used [0x00000000eab00000,0x00000000eab00000,0x00000000eb100000)
  from space 8192K, 100% used [0x00000000ec600000,0x00000000ece00000,0x00000000ece00000)
  to   space 21504K, 0% used [0x00000000eb100000,0x00000000eb100000,0x00000000ec600000)
 ParOldGen       total 87040K, used 86986K [0x00000000c0000000, 0x00000000c5500000, 0x00000000eab00000)
  object space 87040K, 99% used [0x00000000c0000000,0x00000000c54f2868,0x00000000c5500000)
 Metaspace       used 62037K, committed 62976K, reserved 1105920K
  class space    used 6685K, committed 7104K, reserved 1048576K
}
Event: 13.628 GC heap after
{Heap after GC invocations=34 (full 4):
 PSYoungGen      total 27648K, used 0K [0x00000000eab00000, 0x00000000edb00000, 0x0000000100000000)
  eden space 6144K, 0% used [0x00000000eab00000,0x00000000eab00000,0x00000000eb100000)
  from space 21504K, 0% used [0x00000000eb100000,0x00000000eb100000,0x00000000ec600000)
  to   space 21504K, 0% used [0x00000000ec600000,0x00000000ec600000,0x00000000edb00000)
 ParOldGen       total 103936K, used 66484K [0x00000000c0000000, 0x00000000c6580000, 0x00000000eab00000)
  object space 103936K, 63% used [0x00000000c0000000,0x00000000c40ed098,0x00000000c6580000)
 Metaspace       used 62037K, committed 62976K, reserved 1105920K
  class space    used 6685K, committed 7104K, reserved 1048576K
}
Event: 13.640 GC heap before
{Heap before GC invocations=35 (full 4):
 PSYoungGen      total 27648K, used 6144K [0x00000000eab00000, 0x00000000edb00000, 0x0000000100000000)
  eden space 6144K, 100% used [0x00000000eab00000,0x00000000eb100000,0x00000000eb100000)
  from space 21504K, 0% used [0x00000000eb100000,0x00000000eb100000,0x00000000ec600000)
  to   space 21504K, 0% used [0x00000000ec600000,0x00000000ec600000,0x00000000edb00000)
 ParOldGen       total 103936K, used 66484K [0x00000000c0000000, 0x00000000c6580000, 0x00000000eab00000)
  object space 103936K, 63% used [0x00000000c0000000,0x00000000c40ed098,0x00000000c6580000)
 Metaspace       used 62037K, committed 62976K, reserved 1105920K
  class space    used 6685K, committed 7104K, reserved 1048576K
}
Event: 13.642 GC heap after
{Heap after GC invocations=35 (full 4):
 PSYoungGen      total 10752K, used 4448K [0x00000000eab00000, 0x00000000eca80000, 0x0000000100000000)
  eden space 6144K, 0% used [0x00000000eab00000,0x00000000eab00000,0x00000000eb100000)
  from space 4608K, 96% used [0x00000000ec600000,0x00000000eca58000,0x00000000eca80000)
  to   space 10240K, 0% used [0x00000000eb680000,0x00000000eb680000,0x00000000ec080000)
 ParOldGen       total 103936K, used 66484K [0x00000000c0000000, 0x00000000c6580000, 0x00000000eab00000)
  object space 103936K, 63% used [0x00000000c0000000,0x00000000c40ed098,0x00000000c6580000)
 Metaspace       used 62037K, committed 62976K, reserved 1105920K
  class space    used 6685K, committed 7104K, reserved 1048576K
}
Event: 13.655 GC heap before
{Heap before GC invocations=36 (full 4):
 PSYoungGen      total 10752K, used 10592K [0x00000000eab00000, 0x00000000eca80000, 0x0000000100000000)
  eden space 6144K, 100% used [0x00000000eab00000,0x00000000eb100000,0x00000000eb100000)
  from space 4608K, 96% used [0x00000000ec600000,0x00000000eca58000,0x00000000eca80000)
  to   space 10240K, 0% used [0x00000000eb680000,0x00000000eb680000,0x00000000ec080000)
 ParOldGen       total 103936K, used 66484K [0x00000000c0000000, 0x00000000c6580000, 0x00000000eab00000)
  object space 103936K, 63% used [0x00000000c0000000,0x00000000c40ed098,0x00000000c6580000)
 Metaspace       used 62037K, committed 62976K, reserved 1105920K
  class space    used 6685K, committed 7104K, reserved 1048576K
}
Event: 13.658 GC heap after
{Heap after GC invocations=36 (full 4):
 PSYoungGen      total 16384K, used 4448K [0x00000000eab00000, 0x00000000ec680000, 0x0000000100000000)
  eden space 6144K, 0% used [0x00000000eab00000,0x00000000eab00000,0x00000000eb100000)
  from space 10240K, 43% used [0x00000000eb680000,0x00000000ebad8000,0x00000000ec080000)
  to   space 5632K, 0% used [0x00000000ec100000,0x00000000ec100000,0x00000000ec680000)
 ParOldGen       total 103936K, used 70804K [0x00000000c0000000, 0x00000000c6580000, 0x00000000eab00000)
  object space 103936K, 68% used [0x00000000c0000000,0x00000000c4525098,0x00000000c6580000)
 Metaspace       used 62037K, committed 62976K, reserved 1105920K
  class space    used 6685K, committed 7104K, reserved 1048576K
}
Event: 13.672 GC heap before
{Heap before GC invocations=37 (full 4):
 PSYoungGen      total 16384K, used 10592K [0x00000000eab00000, 0x00000000ec680000, 0x0000000100000000)
  eden space 6144K, 100% used [0x00000000eab00000,0x00000000eb100000,0x00000000eb100000)
  from space 10240K, 43% used [0x00000000eb680000,0x00000000ebad8000,0x00000000ec080000)
  to   space 5632K, 0% used [0x00000000ec100000,0x00000000ec100000,0x00000000ec680000)
 ParOldGen       total 103936K, used 70804K [0x00000000c0000000, 0x00000000c6580000, 0x00000000eab00000)
  object space 103936K, 68% used [0x00000000c0000000,0x00000000c4525098,0x00000000c6580000)
 Metaspace       used 62037K, committed 62976K, reserved 1105920K
  class space    used 6685K, committed 7104K, reserved 1048576K
}
Event: 13.675 GC heap after
{Heap after GC invocations=37 (full 4):
 PSYoungGen      total 10752K, used 4480K [0x00000000eab00000, 0x00000000ec580000, 0x0000000100000000)
  eden space 6144K, 0% used [0x00000000eab00000,0x00000000eab00000,0x00000000eb100000)
  from space 4608K, 97% used [0x00000000ec100000,0x00000000ec560000,0x00000000ec580000)
  to   space 4608K, 0% used [0x00000000ebc80000,0x00000000ebc80000,0x00000000ec100000)
 ParOldGen       total 103936K, used 75116K [0x00000000c0000000, 0x00000000c6580000, 0x00000000eab00000)
  object space 103936K, 72% used [0x00000000c0000000,0x00000000c495b098,0x00000000c6580000)
 Metaspace       used 62037K, committed 62976K, reserved 1105920K
  class space    used 6685K, committed 7104K, reserved 1048576K
}
Event: 13.688 GC heap before
{Heap before GC invocations=38 (full 4):
 PSYoungGen      total 10752K, used 10624K [0x00000000eab00000, 0x00000000ec580000, 0x0000000100000000)
  eden space 6144K, 100% used [0x00000000eab00000,0x00000000eb100000,0x00000000eb100000)
  from space 4608K, 97% used [0x00000000ec100000,0x00000000ec560000,0x00000000ec580000)
  to   space 4608K, 0% used [0x00000000ebc80000,0x00000000ebc80000,0x00000000ec100000)
 ParOldGen       total 103936K, used 75116K [0x00000000c0000000, 0x00000000c6580000, 0x00000000eab00000)
  object space 103936K, 72% used [0x00000000c0000000,0x00000000c495b098,0x00000000c6580000)
 Metaspace       used 62037K, committed 62976K, reserved 1105920K
  class space    used 6685K, committed 7104K, reserved 1048576K
}
Event: 13.691 GC heap after
{Heap after GC invocations=38 (full 4):
 PSYoungGen      total 10752K, used 4480K [0x00000000eab00000, 0x00000000ec180000, 0x0000000100000000)
  eden space 6144K, 0% used [0x00000000eab00000,0x00000000eab00000,0x00000000eb100000)
  from space 4608K, 97% used [0x00000000ebc80000,0x00000000ec0e0000,0x00000000ec100000)
  to   space 512K, 0% used [0x00000000ec100000,0x00000000ec100000,0x00000000ec180000)
 ParOldGen       total 103936K, used 79484K [0x00000000c0000000, 0x00000000c6580000, 0x00000000eab00000)
  object space 103936K, 76% used [0x00000000c0000000,0x00000000c4d9f098,0x00000000c6580000)
 Metaspace       used 62037K, committed 62976K, reserved 1105920K
  class space    used 6685K, committed 7104K, reserved 1048576K
}
Event: 70.339 GC heap before
{Heap before GC invocations=39 (full 4):
 PSYoungGen      total 10752K, used 10623K [0x00000000eab00000, 0x00000000ec180000, 0x0000000100000000)
  eden space 6144K, 99% used [0x00000000eab00000,0x00000000eb0ffdc8,0x00000000eb100000)
  from space 4608K, 97% used [0x00000000ebc80000,0x00000000ec0e0000,0x00000000ec100000)
  to   space 512K, 0% used [0x00000000ec100000,0x00000000ec100000,0x00000000ec180000)
 ParOldGen       total 103936K, used 79484K [0x00000000c0000000, 0x00000000c6580000, 0x00000000eab00000)
  object space 103936K, 76% used [0x00000000c0000000,0x00000000c4d9f098,0x00000000c6580000)
 Metaspace       used 62614K, committed 63552K, reserved 1105920K
  class space    used 6741K, committed 7168K, reserved 1048576K
}
Event: 70.492 GC heap after
{Heap after GC invocations=39 (full 4):
 PSYoungGen      total 6656K, used 512K [0x00000000eab00000, 0x00000000ec180000, 0x0000000100000000)
  eden space 6144K, 0% used [0x00000000eab00000,0x00000000eab00000,0x00000000eb100000)
  from space 512K, 100% used [0x00000000ec100000,0x00000000ec180000,0x00000000ec180000)
  to   space 6656K, 0% used [0x00000000eb480000,0x00000000eb480000,0x00000000ebb00000)
 ParOldGen       total 103936K, used 84948K [0x00000000c0000000, 0x00000000c6580000, 0x00000000eab00000)
  object space 103936K, 81% used [0x00000000c0000000,0x00000000c52f5098,0x00000000c6580000)
 Metaspace       used 62614K, committed 63552K, reserved 1105920K
  class space    used 6741K, committed 7168K, reserved 1048576K
}

Dll operation events (11 events):
Event: 0.010 Loaded shared library c:\Users\vpish\.vscode\extensions\redhat.java-1.13.0-win32-x64\jre\17.0.5-win32-x86_64\bin\java.dll
Event: 0.172 Loaded shared library c:\Users\vpish\.vscode\extensions\redhat.java-1.13.0-win32-x64\jre\17.0.5-win32-x86_64\bin\zip.dll
Event: 0.175 Loaded shared library C:\Users\vpish\.vscode\extensions\redhat.java-1.13.0-win32-x64\jre\17.0.5-win32-x86_64\bin\instrument.dll
Event: 0.192 Loaded shared library C:\Users\vpish\.vscode\extensions\redhat.java-1.13.0-win32-x64\jre\17.0.5-win32-x86_64\bin\net.dll
Event: 0.194 Loaded shared library C:\Users\vpish\.vscode\extensions\redhat.java-1.13.0-win32-x64\jre\17.0.5-win32-x86_64\bin\nio.dll
Event: 0.202 Loaded shared library C:\Users\vpish\.vscode\extensions\redhat.java-1.13.0-win32-x64\jre\17.0.5-win32-x86_64\bin\zip.dll
Event: 0.221 Loaded shared library C:\Users\vpish\.vscode\extensions\redhat.java-1.13.0-win32-x64\jre\17.0.5-win32-x86_64\bin\jimage.dll
Event: 0.281 Loaded shared library c:\Users\vpish\.vscode\extensions\redhat.java-1.13.0-win32-x64\jre\17.0.5-win32-x86_64\bin\verify.dll
Event: 2.602 Loaded shared library C:\Users\vpish\AppData\Roaming\Code\User\globalStorage\redhat.java\1.13.0\config_win\org.eclipse.equinox.launcher\org.eclipse.equinox.launcher.win32.win32.x86_64_1.2.600.v20220720-1916\eclipse_11700.dll
Event: 5.252 Loaded shared library C:\Users\vpish\AppData\Local\Temp\jna-112416644\jna11358347625085913128.dll
Event: 7.833 Loaded shared library C:\Users\vpish\.vscode\extensions\redhat.java-1.13.0-win32-x64\jre\17.0.5-win32-x86_64\bin\sunmscapi.dll

Deoptimization events (20 events):
Event: 13.541 Thread 0x0000016bfa510630 Uncommon trap: trap_request=0xffffffc6 fr.pc=0x0000016be827e7f0 relative=0x0000000000000c70
Event: 13.541 Thread 0x0000016bfa510630 Uncommon trap: reason=bimorphic_or_optimized_type_check action=maybe_recompile pc=0x0000016be827e7f0 method=com.google.gson.internal.bind.TypeAdapterRuntimeTypeWrapper.read(Lcom/google/gson/stream/JsonReader;)Ljava/lang/Object; @ 5 c2
Event: 13.541 Thread 0x0000016bfa510630 DEOPT PACKING pc=0x0000016be827e7f0 sp=0x00000043095febb0
Event: 13.541 Thread 0x0000016bfa510630 DEOPT UNPACKING pc=0x0000016be04b20a3 sp=0x00000043095feb20 mode 2
Event: 70.250 Thread 0x0000016bf5cc17a0 Uncommon trap: trap_request=0xffffff45 fr.pc=0x0000016be82771dc relative=0x00000000000000bc
Event: 70.250 Thread 0x0000016bf5cc17a0 Uncommon trap: reason=unstable_if action=reinterpret pc=0x0000016be82771dc method=com.google.gson.stream.JsonReader.nextString()Ljava/lang/String; @ 47 c2
Event: 70.250 Thread 0x0000016bf5cc17a0 DEOPT PACKING pc=0x0000016be82771dc sp=0x00000043094feb70
Event: 70.252 Thread 0x0000016bf5cc17a0 DEOPT UNPACKING pc=0x0000016be04b20a3 sp=0x00000043094feaf8 mode 2
Event: 70.301 Thread 0x0000016bf5cc17a0 Uncommon trap: trap_request=0xffffff45 fr.pc=0x0000016be80141c8 relative=0x00000000000003a8
Event: 70.301 Thread 0x0000016bf5cc17a0 Uncommon trap: reason=unstable_if action=reinterpret pc=0x0000016be80141c8 method=com.google.gson.stream.JsonReader.isLiteral(C)Z @ 1 c2
Event: 70.301 Thread 0x0000016bf5cc17a0 DEOPT PACKING pc=0x0000016be80141c8 sp=0x00000043094fed30
Event: 70.302 Thread 0x0000016bf5cc17a0 DEOPT UNPACKING pc=0x0000016be04b20a3 sp=0x00000043094febf8 mode 2
Event: 70.496 Thread 0x0000016bfa511e40 Uncommon trap: trap_request=0xffffff45 fr.pc=0x0000016be8078a18 relative=0x0000000000000358
Event: 70.496 Thread 0x0000016bfa511e40 Uncommon trap: reason=unstable_if action=reinterpret pc=0x0000016be8078a18 method=java.lang.CharacterDataLatin1.digit(II)I @ 12 c2
Event: 70.498 Thread 0x0000016bfa511e40 DEOPT PACKING pc=0x0000016be8078a18 sp=0x0000004306cfee60
Event: 70.498 Thread 0x0000016bfa511e40 DEOPT UNPACKING pc=0x0000016be04b20a3 sp=0x0000004306cfec80 mode 2
Event: 70.623 Thread 0x0000016bfa5127e0 Uncommon trap: trap_request=0xffffff45 fr.pc=0x0000016be8129794 relative=0x0000000000000354
Event: 70.623 Thread 0x0000016bfa5127e0 Uncommon trap: reason=unstable_if action=reinterpret pc=0x0000016be8129794 method=java.lang.ThreadLocal.set(Ljava/lang/Object;)V @ 11 c2
Event: 70.623 Thread 0x0000016bfa5127e0 DEOPT PACKING pc=0x0000016be8129794 sp=0x00000043099fefc0
Event: 70.624 Thread 0x0000016bfa5127e0 DEOPT UNPACKING pc=0x0000016be04b20a3 sp=0x00000043099fef70 mode 2

Classes unloaded (7 events):
Event: 3.235 Thread 0x0000016bdd89ec80 Unloading class 0x0000000100216400 'java/lang/invoke/LambdaForm$MH+0x0000000100216400'
Event: 3.235 Thread 0x0000016bdd89ec80 Unloading class 0x0000000100216000 'java/lang/invoke/LambdaForm$MH+0x0000000100216000'
Event: 3.235 Thread 0x0000016bdd89ec80 Unloading class 0x0000000100215c00 'java/lang/invoke/LambdaForm$MH+0x0000000100215c00'
Event: 3.235 Thread 0x0000016bdd89ec80 Unloading class 0x0000000100215800 'java/lang/invoke/LambdaForm$MH+0x0000000100215800'
Event: 3.235 Thread 0x0000016bdd89ec80 Unloading class 0x0000000100215000 'java/lang/invoke/LambdaForm$BMH+0x0000000100215000'
Event: 3.235 Thread 0x0000016bdd89ec80 Unloading class 0x0000000100214c00 'java/lang/invoke/LambdaForm$DMH+0x0000000100214c00'
Event: 3.235 Thread 0x0000016bdd89ec80 Unloading class 0x0000000100212000 'java/lang/invoke/LambdaForm$DMH+0x0000000100212000'

Classes redefined (0 events):
No events

Internal exceptions (20 events):
Event: 10.087 Thread 0x0000016bf5cc2610 Exception <a 'sun/nio/fs/WindowsException'{0x00000000eb384088}> (0x00000000eb384088) 
thrown [s\src\hotspot\share\prims\jni.cpp, line 516]
Event: 10.129 Thread 0x0000016bf5cc17a0 Exception <a 'sun/nio/fs/WindowsException'{0x00000000eb507580}> (0x00000000eb507580) 
thrown [s\src\hotspot\share\prims\jni.cpp, line 516]
Event: 10.131 Thread 0x0000016bf5cbfac0 Exception <a 'java/io/FileNotFoundException'{0x00000000eb522e88}> (0x00000000eb522e88) 
thrown [s\src\hotspot\share\prims\jni.cpp, line 516]
Event: 10.131 Thread 0x0000016bf5cbfac0 Exception <a 'java/io/FileNotFoundException'{0x00000000eb524158}> (0x00000000eb524158) 
thrown [s\src\hotspot\share\prims\jni.cpp, line 516]
Event: 10.140 Thread 0x0000016bf5cc17a0 Exception <a 'sun/nio/fs/WindowsException'{0x00000000eb570e08}> (0x00000000eb570e08) 
thrown [s\src\hotspot\share\prims\jni.cpp, line 516]
Event: 10.147 Thread 0x0000016bf5cc17a0 Exception <a 'java/lang/NoSuchMethodError'{0x00000000eb5825b0}: 'java.lang.Object java.lang.invoke.DirectMethodHandle$Holder.invokeStatic(java.lang.Object, java.lang.Object, int, java.lang.Object)'> (0x00000000eb5825b0) 
thrown [s\src\hotspot\share\interpreter\linkResolver.cpp, line 759]
Event: 10.148 Thread 0x0000016bf5cc17a0 Exception <a 'java/lang/NoSuchMethodError'{0x00000000eb5a7898}: 'java.lang.Object java.lang.invoke.DirectMethodHandle$Holder.newInvokeSpecial(java.lang.Object, java.lang.Object, int)'> (0x00000000eb5a7898) 
thrown [s\src\hotspot\share\interpreter\linkResolver.cpp, line 759]
Event: 10.158 Thread 0x0000016bf5cc17a0 Exception <a 'java/lang/NoSuchMethodError'{0x00000000eb66e860}: 'java.lang.Object java.lang.invoke.DirectMethodHandle$Holder.invokeInterface(java.lang.Object, java.lang.Object, java.lang.Object)'> (0x00000000eb66e860) 
thrown [s\src\hotspot\share\interpreter\linkResolver.cpp, line 759]
Event: 10.163 Thread 0x0000016bfa513180 Exception <a 'java/lang/NoSuchMethodError'{0x00000000eb60ae98}: 'java.lang.Object java.lang.invoke.DirectMethodHandle$Holder.newInvokeSpecial(java.lang.Object, java.lang.Object, java.lang.Object, java.lang.Object, java.lang.Object, java.lang.Object)'> (0x00000000eb60ae98) 
thrown [s\src\hotspot\share\interpreter\linkResolver.cpp, line 759]
Event: 10.165 Thread 0x0000016bfa513180 Exception <a 'java/lang/NoSuchMethodError'{0x00000000eb6c46c0}: 'int java.lang.invoke.DirectMethodHandle$Holder.invokeStatic(java.lang.Object)'> (0x00000000eb6c46c0) 
thrown [s\src\hotspot\share\interpreter\linkResolver.cpp, line 759]
Event: 10.181 Thread 0x0000016bfa513180 Exception <a 'java/io/FileNotFoundException'{0x00000000eb7607d0}> (0x00000000eb7607d0) 
thrown [s\src\hotspot\share\prims\jni.cpp, line 516]
Event: 10.181 Thread 0x0000016bfa513180 Exception <a 'java/io/FileNotFoundException'{0x00000000eb7625e0}> (0x00000000eb7625e0) 
thrown [s\src\hotspot\share\prims\jni.cpp, line 516]
Event: 10.181 Thread 0x0000016bfa513180 Exception <a 'java/io/FileNotFoundException'{0x00000000eb763b78}> (0x00000000eb763b78) 
thrown [s\src\hotspot\share\prims\jni.cpp, line 516]
Event: 10.396 Thread 0x0000016bf5cc17a0 Exception <a 'java/io/FileNotFoundException'{0x00000000eb9323d8}> (0x00000000eb9323d8) 
thrown [s\src\hotspot\share\prims\jni.cpp, line 516]
Event: 10.554 Thread 0x0000016bf5cbfac0 Exception <a 'java/lang/NoSuchMethodError'{0x00000000ead13450}: 'int java.lang.invoke.DirectMethodHandle$Holder.invokeStatic(java.lang.Object, java.lang.Object, java.lang.Object, int)'> (0x00000000ead13450) 
thrown [s\src\hotspot\share\interpreter\linkResolver.cpp, line 759]
Event: 10.572 Thread 0x0000016bf5cbfac0 Exception <a 'java/lang/NoSuchMethodError'{0x00000000eadd9478}: 'int java.lang.invoke.DirectMethodHandle$Holder.invokeVirtual(java.lang.Object, java.lang.Object, java.lang.Object)'> (0x00000000eadd9478) 
thrown [s\src\hotspot\share\interpreter\linkResolver.cpp, line 759]
Event: 10.576 Thread 0x0000016bf5cbfac0 Exception <a 'java/lang/NoSuchMethodError'{0x00000000eadfb1d8}: 'int java.lang.invoke.DirectMethodHandle$Holder.invokeSpecialIFC(java.lang.Object, java.lang.Object, java.lang.Object)'> (0x00000000eadfb1d8) 
thrown [s\src\hotspot\share\interpreter\linkResolver.cpp, line 759]
Event: 11.426 Thread 0x0000016bf5cc2610 Exception <a 'java/io/FileNotFoundException'{0x00000000eb009f80}> (0x00000000eb009f80) 
thrown [s\src\hotspot\share\prims\jni.cpp, line 516]
Event: 11.490 Thread 0x0000016bf5cbf5f0 Exception <a 'sun/nio/fs/WindowsException'{0x00000000eb19ce70}> (0x00000000eb19ce70) 
thrown [s\src\hotspot\share\prims\jni.cpp, line 516]
Event: 70.623 Thread 0x0000016bfa5127e0 Implicit null exception at 0x0000016be8129499 to 0x0000016be8129788

VM Operations (20 events):
Event: 13.584 Executing VM operation: ParallelGCFailedAllocation
Event: 13.628 Executing VM operation: ParallelGCFailedAllocation done
Event: 13.640 Executing VM operation: ParallelGCFailedAllocation
Event: 13.642 Executing VM operation: ParallelGCFailedAllocation done
Event: 13.655 Executing VM operation: ParallelGCFailedAllocation
Event: 13.658 Executing VM operation: ParallelGCFailedAllocation done
Event: 13.672 Executing VM operation: ParallelGCFailedAllocation
Event: 13.675 Executing VM operation: ParallelGCFailedAllocation done
Event: 13.688 Executing VM operation: ParallelGCFailedAllocation
Event: 13.692 Executing VM operation: ParallelGCFailedAllocation done
Event: 69.146 Executing VM operation: Cleanup
Event: 69.202 Executing VM operation: Cleanup done
Event: 70.209 Executing VM operation: Cleanup
Event: 70.225 Executing VM operation: Cleanup done
Event: 70.323 Executing VM operation: ParallelGCFailedAllocation
Event: 70.492 Executing VM operation: ParallelGCFailedAllocation done
Event: 70.590 Executing VM operation: HandshakeAllThreads
Event: 70.591 Executing VM operation: HandshakeAllThreads done
Event: 70.595 Executing VM operation: HandshakeAllThreads
Event: 70.595 Executing VM operation: HandshakeAllThreads done

Events (20 events):
Event: 13.696 Thread 0x0000016bfa510630 Thread exited: 0x0000016bfa510630
Event: 15.912 loading class sun/security/ssl/Alert
Event: 15.913 loading class sun/security/ssl/Alert done
Event: 15.913 loading class sun/security/ssl/Alert$AlertConsumer
Event: 15.913 loading class sun/security/ssl/Alert$AlertConsumer done
Event: 15.913 loading class sun/security/ssl/Alert$Level
Event: 15.913 loading class sun/security/ssl/Alert$Level done
Event: 15.914 Thread 0x0000016bfa5127e0 Thread exited: 0x0000016bfa5127e0
Event: 18.656 Thread 0x0000016bf9bb92b0 Thread exited: 0x0000016bf9bb92b0
Event: 18.656 Thread 0x0000016bf9bb7960 Thread exited: 0x0000016bf9bb7960
Event: 70.233 Thread 0x0000016bfa511e40 Thread added: 0x0000016bfa511e40
Event: 70.269 loading class java/util/concurrent/CompletionException
Event: 70.278 loading class java/util/concurrent/CompletionException done
Event: 70.306 Thread 0x0000016bfa512310 Thread added: 0x0000016bfa512310
Event: 70.312 Thread 0x0000016bfa510630 Thread added: 0x0000016bfa510630
Event: 70.525 loading class java/util/regex/Pattern$1
Event: 70.527 loading class java/util/regex/Pattern$1 done
Event: 70.607 loading class java/util/LinkedList$LLSpliterator
Event: 70.609 loading class java/util/LinkedList$LLSpliterator done
Event: 70.622 Thread 0x0000016bfa5127e0 Thread added: 0x0000016bfa5127e0


Dynamic libraries:
0x00007ff749d70000 - 0x00007ff749d7e000 	c:\Users\vpish\.vscode\extensions\redhat.java-1.13.0-win32-x64\jre\17.0.5-win32-x86_64\bin\java.exe
0x00007ffcde1d0000 - 0x00007ffcde3e4000 	C:\WINDOWS\SYSTEM32\ntdll.dll
0x00007ffcdca40000 - 0x00007ffcdcb03000 	C:\WINDOWS\System32\KERNEL32.DLL
0x00007ffcdb9c0000 - 0x00007ffcdbd5d000 	C:\WINDOWS\System32\KERNELBASE.dll
0x00007ffcdbde0000 - 0x00007ffcdbef1000 	C:\WINDOWS\System32\ucrtbase.dll
0x00007ffcc0b00000 - 0x00007ffcc0b17000 	c:\Users\vpish\.vscode\extensions\redhat.java-1.13.0-win32-x64\jre\17.0.5-win32-x86_64\bin\jli.dll
0x00007ffccc1f0000 - 0x00007ffccc209000 	c:\Users\vpish\.vscode\extensions\redhat.java-1.13.0-win32-x64\jre\17.0.5-win32-x86_64\bin\VCRUNTIME140.dll
0x00007ffcdc5b0000 - 0x00007ffcdc75d000 	C:\WINDOWS\System32\USER32.dll
0x00007ffcb9780000 - 0x00007ffcb9a0e000 	C:\WINDOWS\WinSxS\amd64_microsoft.windows.common-controls_6595b64144ccf1df_6.0.22621.608_none_a9444ca7c10bb01d\COMCTL32.dll
0x00007ffcdb800000 - 0x00007ffcdb826000 	C:\WINDOWS\System32\win32u.dll
0x00007ffcdc500000 - 0x00007ffcdc5a7000 	C:\WINDOWS\System32\msvcrt.dll
0x00007ffcdca10000 - 0x00007ffcdca39000 	C:\WINDOWS\System32\GDI32.dll
0x00007ffcdb8a0000 - 0x00007ffcdb9b2000 	C:\WINDOWS\System32\gdi32full.dll
0x00007ffcdb5f0000 - 0x00007ffcdb68a000 	C:\WINDOWS\System32\msvcp_win.dll
0x00007ffcde150000 - 0x00007ffcde182000 	C:\WINDOWS\System32\IMM32.DLL
0x00007ffccbe80000 - 0x00007ffccbe8c000 	c:\Users\vpish\.vscode\extensions\redhat.java-1.13.0-win32-x64\jre\17.0.5-win32-x86_64\bin\vcruntime140_1.dll
0x00007ffcb2480000 - 0x00007ffcb2511000 	c:\Users\vpish\.vscode\extensions\redhat.java-1.13.0-win32-x64\jre\17.0.5-win32-x86_64\bin\msvcp140.dll
0x00007ffc8d310000 - 0x00007ffc8df54000 	c:\Users\vpish\.vscode\extensions\redhat.java-1.13.0-win32-x64\jre\17.0.5-win32-x86_64\bin\server\jvm.dll
0x00007ffcdde30000 - 0x00007ffcddede000 	C:\WINDOWS\System32\ADVAPI32.dll
0x00007ffcde0a0000 - 0x00007ffcde144000 	C:\WINDOWS\System32\sechost.dll
0x00007ffcdc780000 - 0x00007ffcdc895000 	C:\WINDOWS\System32\RPCRT4.dll
0x00007ffcd5bd0000 - 0x00007ffcd5c04000 	C:\WINDOWS\SYSTEM32\WINMM.dll
0x00007ffcc5670000 - 0x00007ffcc5679000 	C:\WINDOWS\SYSTEM32\WSOCK32.dll
0x00007ffcd5750000 - 0x00007ffcd575a000 	C:\WINDOWS\SYSTEM32\VERSION.dll
0x00007ffcdc8b0000 - 0x00007ffcdc921000 	C:\WINDOWS\System32\WS2_32.dll
0x00007ffcda620000 - 0x00007ffcda638000 	C:\WINDOWS\SYSTEM32\kernel.appcore.dll
0x00007ffccaee0000 - 0x00007ffccaeea000 	c:\Users\vpish\.vscode\extensions\redhat.java-1.13.0-win32-x64\jre\17.0.5-win32-x86_64\bin\jimage.dll
0x00007ffccd880000 - 0x00007ffccdaae000 	C:\WINDOWS\SYSTEM32\DBGHELP.DLL
0x00007ffcdcc30000 - 0x00007ffcdcfba000 	C:\WINDOWS\System32\combase.dll
0x00007ffcdd560000 - 0x00007ffcdd637000 	C:\WINDOWS\System32\OLEAUT32.dll
0x00007ffccbd50000 - 0x00007ffccbd82000 	C:\WINDOWS\SYSTEM32\dbgcore.DLL
0x00007ffcdbd60000 - 0x00007ffcdbddb000 	C:\WINDOWS\System32\bcryptPrimitives.dll
0x00007ffccadd0000 - 0x00007ffccadde000 	c:\Users\vpish\.vscode\extensions\redhat.java-1.13.0-win32-x64\jre\17.0.5-win32-x86_64\bin\instrument.dll
0x00007ffcc0ad0000 - 0x00007ffcc0af5000 	c:\Users\vpish\.vscode\extensions\redhat.java-1.13.0-win32-x64\jre\17.0.5-win32-x86_64\bin\java.dll
0x00007ffcc0ab0000 - 0x00007ffcc0ac8000 	c:\Users\vpish\.vscode\extensions\redhat.java-1.13.0-win32-x64\jre\17.0.5-win32-x86_64\bin\zip.dll
0x00007ffcdd640000 - 0x00007ffcdde2f000 	C:\WINDOWS\System32\SHELL32.dll
0x00007ffcd95d0000 - 0x00007ffcd9e98000 	C:\WINDOWS\SYSTEM32\windows.storage.dll
0x00007ffcd9490000 - 0x00007ffcd95ce000 	C:\WINDOWS\SYSTEM32\wintypes.dll
0x00007ffcdc1d0000 - 0x00007ffcdc2c1000 	C:\WINDOWS\System32\SHCORE.dll
0x00007ffcddff0000 - 0x00007ffcde04e000 	C:\WINDOWS\System32\shlwapi.dll
0x00007ffcdb520000 - 0x00007ffcdb541000 	C:\WINDOWS\SYSTEM32\profapi.dll
0x00007ffcbfe90000 - 0x00007ffcbfea9000 	C:\Users\vpish\.vscode\extensions\redhat.java-1.13.0-win32-x64\jre\17.0.5-win32-x86_64\bin\net.dll
0x00007ffcd5e40000 - 0x00007ffcd5f6f000 	C:\WINDOWS\SYSTEM32\WINHTTP.dll
0x00007ffcdaab0000 - 0x00007ffcdab19000 	C:\WINDOWS\system32\mswsock.dll
0x00007ffcbd3a0000 - 0x00007ffcbd3b5000 	C:\Users\vpish\.vscode\extensions\redhat.java-1.13.0-win32-x64\jre\17.0.5-win32-x86_64\bin\nio.dll
0x00007ffcc6650000 - 0x00007ffcc6660000 	c:\Users\vpish\.vscode\extensions\redhat.java-1.13.0-win32-x64\jre\17.0.5-win32-x86_64\bin\verify.dll
0x00007ffcb1290000 - 0x00007ffcb12ce000 	C:\Users\vpish\AppData\Roaming\Code\User\globalStorage\redhat.java\1.13.0\config_win\org.eclipse.equinox.launcher\org.eclipse.equinox.launcher.win32.win32.x86_64_1.2.600.v20220720-1916\eclipse_11700.dll
0x00007ffcdbfc0000 - 0x00007ffcdc15c000 	C:\WINDOWS\System32\ole32.dll
0x00007ffcdad10000 - 0x00007ffcdad2b000 	C:\WINDOWS\SYSTEM32\CRYPTSP.dll
0x00007ffcda590000 - 0x00007ffcda5c5000 	C:\WINDOWS\system32\rsaenh.dll
0x00007ffcdaba0000 - 0x00007ffcdabc8000 	C:\WINDOWS\SYSTEM32\USERENV.dll
0x00007ffcdaea0000 - 0x00007ffcdaec8000 	C:\WINDOWS\SYSTEM32\bcrypt.dll
0x00007ffcdad00000 - 0x00007ffcdad0c000 	C:\WINDOWS\SYSTEM32\CRYPTBASE.dll
0x00007ffcda0f0000 - 0x00007ffcda11d000 	C:\WINDOWS\SYSTEM32\IPHLPAPI.DLL
0x00007ffcdc8a0000 - 0x00007ffcdc8a9000 	C:\WINDOWS\System32\NSI.dll
0x00007ffcd5c30000 - 0x00007ffcd5c49000 	C:\WINDOWS\SYSTEM32\dhcpcsvc6.DLL
0x00007ffcd5c10000 - 0x00007ffcd5c2f000 	C:\WINDOWS\SYSTEM32\dhcpcsvc.DLL
0x00007ffcda160000 - 0x00007ffcda252000 	C:\WINDOWS\SYSTEM32\DNSAPI.dll
0x00007ffcb89e0000 - 0x00007ffcb8a20000 	C:\Users\vpish\AppData\Local\Temp\jna-112416644\jna11358347625085913128.dll
0x00007ffcdc930000 - 0x00007ffcdc938000 	C:\WINDOWS\System32\PSAPI.DLL
0x00007ffcd85c0000 - 0x00007ffcd85ce000 	C:\Users\vpish\.vscode\extensions\redhat.java-1.13.0-win32-x64\jre\17.0.5-win32-x86_64\bin\sunmscapi.dll
0x00007ffcdb690000 - 0x00007ffcdb7f6000 	C:\WINDOWS\System32\CRYPT32.dll
0x00007ffcdae70000 - 0x00007ffcdae9d000 	C:\WINDOWS\SYSTEM32\ncrypt.dll
0x00007ffcdae30000 - 0x00007ffcdae67000 	C:\WINDOWS\SYSTEM32\NTASN1.dll
0x00007ffcc93f0000 - 0x00007ffcc93fa000 	C:\Windows\System32\rasadhlp.dll
0x00007ffcd50a0000 - 0x00007ffcd5123000 	C:\WINDOWS\System32\fwpuclnt.dll

dbghelp: loaded successfully - version: 4.0.5 - missing functions: none
symbol engine: initialized successfully - sym options: 0x614 - pdb path: .;c:\Users\vpish\.vscode\extensions\redhat.java-1.13.0-win32-x64\jre\17.0.5-win32-x86_64\bin;C:\WINDOWS\SYSTEM32;C:\WINDOWS\WinSxS\amd64_microsoft.windows.common-controls_6595b64144ccf1df_6.0.22621.608_none_a9444ca7c10bb01d;c:\Users\vpish\.vscode\extensions\redhat.java-1.13.0-win32-x64\jre\17.0.5-win32-x86_64\bin\server;C:\Users\vpish\AppData\Roaming\Code\User\globalStorage\redhat.java\1.13.0\config_win\org.eclipse.equinox.launcher\org.eclipse.equinox.launcher.win32.win32.x86_64_1.2.600.v20220720-1916;C:\Users\vpish\AppData\Local\Temp\jna-112416644

VM Arguments:
jvm_args: --add-modules=ALL-SYSTEM --add-opens=java.base/java.util=ALL-UNNAMED --add-opens=java.base/java.lang=ALL-UNNAMED --add-opens=java.base/sun.nio.fs=ALL-UNNAMED -Declipse.application=org.eclipse.jdt.ls.core.id1 -Dosgi.bundles.defaultStartLevel=4 -Declipse.product=org.eclipse.jdt.ls.core.product -Djava.import.generatesMetadataFilesAtProjectRoot=false -Dfile.encoding=utf8 -XX:+UseParallelGC -XX:GCTimeRatio=4 -XX:AdaptiveSizePolicyWeight=90 -Dsun.zip.disableMemoryMapping=true -Xmx1G -Xms100m -Xlog:disable -javaagent:c:\Users\vpish\.vscode\extensions\redhat.java-1.13.0-win32-x64\lombok\lombok-1.18.24.jar -XX:+HeapDumpOnOutOfMemoryError -XX:HeapDumpPath=c:\Users\vpish\AppData\Roaming\Code\User\workspaceStorage\616f2b40017915f20f112693b8f9ba74\redhat.java 
java_command: c:\Users\vpish\.vscode\extensions\redhat.java-1.13.0-win32-x64\server\plugins\org.eclipse.equinox.launcher_1.6.400.v20210924-0641.jar -configuration c:\Users\vpish\AppData\Roaming\Code\User\globalStorage\redhat.java\1.13.0\config_win -data c:\Users\vpish\AppData\Roaming\Code\User\workspaceStorage\616f2b40017915f20f112693b8f9ba74\redhat.java\jdt_ws
java_class_path (initial): c:\Users\vpish\.vscode\extensions\redhat.java-1.13.0-win32-x64\server\plugins\org.eclipse.equinox.launcher_1.6.400.v20210924-0641.jar
Launcher Type: SUN_STANDARD

[Global flags]
    uintx AdaptiveSizePolicyWeight                 = 90                                        {product} {command line}
     intx CICompilerCount                          = 4                                         {product} {ergonomic}
    uintx GCTimeRatio                              = 4                                         {product} {command line}
     bool HeapDumpOnOutOfMemoryError               = true                                   {manageable} {command line}
    ccstr HeapDumpPath                             = c:\Users\vpish\AppData\Roaming\Code\User\workspaceStorage\616f2b40017915f20f112693b8f9ba74\redhat.java         {manageable} {command line}
   size_t InitialHeapSize                          = 104857600                                 {product} {command line}
   size_t MaxHeapSize                              = 1073741824                                {product} {command line}
   size_t MaxNewSize                               = 357564416                                 {product} {ergonomic}
   size_t MinHeapDeltaBytes                        = 524288                                    {product} {ergonomic}
   size_t MinHeapSize                              = 104857600                                 {product} {command line}
   size_t NewSize                                  = 34603008                                  {product} {ergonomic}
    uintx NonNMethodCodeHeapSize                   = 5839372                                {pd product} {ergonomic}
    uintx NonProfiledCodeHeapSize                  = 122909434                              {pd product} {ergonomic}
   size_t OldSize                                  = 70254592                                  {product} {ergonomic}
    uintx ProfiledCodeHeapSize                     = 122909434                              {pd product} {ergonomic}
    uintx ReservedCodeCacheSize                    = 251658240                              {pd product} {ergonomic}
     bool SegmentedCodeCache                       = true                                      {product} {ergonomic}
   size_t SoftMaxHeapSize                          = 1073741824                             {manageable} {ergonomic}
     bool UseCompressedClassPointers               = true                           {product lp64_product} {ergonomic}
     bool UseCompressedOops                        = true                           {product lp64_product} {ergonomic}
     bool UseLargePagesIndividualAllocation        = false                                  {pd product} {ergonomic}
     bool UseParallelGC                            = true                                      {product} {command line}

Logging:
Log output configuration:
 #0: stdout all=off uptime,level,tags
 #1: stderr all=off uptime,level,tags

Environment Variables:
JAVA_HOME=C:\Users\vpish\AppData\Local\Programs\Eclipse Adoptium\jdk-17.0.4.101-hotspot\
PATH=C:\Program Files\Common Files\Oracle\Java\javapath;C:\Program Files\Eclipse Adoptium\jdk-17.0.5.8-hotspot\bin;D:\Programming tools\Python\Scripts\;D:\Programming tools\Python\;C:\WINDOWS\system32;C:\WINDOWS;C:\WINDOWS\System32\Wbem;C:\WINDOWS\System32\WindowsPowerShell\v1.0\;C:\WINDOWS\System32\OpenSSH\;D:\Programs\bin;C:\Program Files\NVIDIA Corporation\NVIDIA NvDLISR;C:\Program Files (x86)\NVIDIA Corporation\PhysX\Common;D:\Programming tools\nodeJS\;D:\Programs\Git\cmd;C:\Users\vpish\AppData\Local\Programs\Eclipse Adoptium\jdk-17.0.4.101-hotspot\bin;C:\Users\vpish\AppData\Local\Microsoft\WindowsApps;D:\Programs\Java\bin\java.dll;D:\Programs\WebStorm 2022.2.2\bin;C:\Users\vpish\AppData\Local\JetBrains\Toolbox\scripts;D:\Programs\Microsoft VS Code\bin;C:\Users\vpish\AppData\Local\GitHubDesktop\bin;C:\Users\vpish\AppData\Roaming\npm
USERNAME=vpish
OS=Windows_NT
PROCESSOR_IDENTIFIER=AMD64 Family 23 Model 96 Stepping 1, AuthenticAMD
TMP=C:\Users\vpish\AppData\Local\Temp
TEMP=C:\Users\vpish\AppData\Local\Temp



---------------  S Y S T E M  ---------------

OS:
 Windows 11 , 64 bit Build 22621 (10.0.22621.963)
OS uptime: 0 days 11:33 hours
Hyper-V role detected

CPU: total 12 (initial active 12) (12 cores per cpu, 2 threads per core) family 23 model 96 stepping 1 microcode 0x0, cx8, cmov, fxsr, ht, mmx, 3dnowpref, sse, sse2, sse3, ssse3, sse4a, sse4.1, sse4.2, popcnt, lzcnt, tsc, tscinvbit, avx, avx2, aes, clmul, bmi1, bmi2, adx, sha, fma, vzeroupper, clflush, clflushopt, hv

Memory: 4k page, system-wide physical 7541M (87M free)
TotalPageFile size 22052M (AvailPageFile size 0M)
current process WorkingSet (physical memory assigned to process): 68M, peak: 284M
current process commit charge ("private bytes"): 327M, peak: 412M

vm_info: OpenJDK 64-Bit Server VM (17.0.5+8) for windows-amd64 JRE (17.0.5+8), built on Oct 19 2022 04:48:13 by "temurin" with MS VC++ 16.7 (VS2019)

END.
